Log file open, 12/12/22 11:54:59
LogWindows: Failed to load 'aqProf.dll' (GetLastError=126)
LogWindows: File 'aqProf.dll' does not exist
LogWindows: Failed to load 'VtuneApi.dll' (GetLastError=126)
LogWindows: File 'VtuneApi.dll' does not exist
LogWindows: Failed to load 'VtuneApi32e.dll' (GetLastError=126)
LogWindows: File 'VtuneApi32e.dll' does not exist
LogConsoleResponse: Display: Failed to find resolution value strings in scalability ini. Falling back to default.
LogConsoleResponse: Display: Failed to find resolution value strings in scalability ini. Falling back to default.
LogInit: Display: Running engine for game: GameDesign5
LogPlatformFile: Not using cached read wrapper
LogTaskGraph: Started task graph with 5 named threads and 14 total threads with 3 sets of task threads.
LogStats: Stats thread started at 1.544246
LogICUInternationalization: ICU TimeZone Detection - Raw Offset: -5:00, Platform Override: ''
LogInit: Display: Loading text-based GConfig....
LogPluginManager: Mounting plugin MeshPainting
LogPluginManager: Mounting plugin XGEController
LogPluginManager: Mounting plugin Paper2D
LogPluginManager: Mounting plugin LiveLink
LogPluginManager: Mounting plugin AISupport
LogPluginManager: Mounting plugin EnvironmentQueryEditor
LogPluginManager: Mounting plugin LightPropagationVolume
LogPluginManager: Mounting plugin CameraShakePreviewer
LogPluginManager: Mounting plugin GameplayCameras
LogPluginManager: Mounting plugin AnimationSharing
LogPluginManager: Mounting plugin CLionSourceCodeAccess
LogPluginManager: Mounting plugin GitSourceControl
LogPluginManager: Mounting plugin CodeLiteSourceCodeAccess
LogPluginManager: Mounting plugin KDevelopSourceCodeAccess
LogPluginManager: Mounting plugin PerforceSourceControl
LogPluginManager: Mounting plugin NullSourceCodeAccess
LogPluginManager: Mounting plugin PixWinPlugin
LogPluginManager: Mounting plugin PlasticSourceControl
LogPluginManager: Mounting plugin PluginUtils
LogPluginManager: Mounting plugin PropertyAccessNode
LogPluginManager: Mounting plugin RiderSourceCodeAccess
LogPluginManager: Mounting plugin SubversionSourceControl
LogPluginManager: Mounting plugin TextureFormatOodle
LogPluginManager: Mounting plugin VisualStudioCodeSourceCodeAccess
LogPluginManager: Mounting plugin VisualStudioSourceCodeAccess
LogPluginManager: Mounting plugin UObjectPlugin
LogPluginManager: Mounting plugin AssetManagerEditor
LogPluginManager: Mounting plugin XCodeSourceCodeAccess
LogPluginManager: Mounting plugin CurveEditorTools
LogPluginManager: Mounting plugin DataValidation
LogPluginManager: Mounting plugin CryptoKeys
LogPluginManager: Mounting plugin GameplayTagsEditor
LogPluginManager: Mounting plugin GeometryMode
LogPluginManager: Mounting plugin FacialAnimation
LogPluginManager: Mounting plugin MacGraphicsSwitching
LogPluginManager: Mounting plugin MaterialAnalyzer
LogPluginManager: Mounting plugin MobileLauncherProfileWizard
LogPluginManager: Mounting plugin PluginBrowser
LogPluginManager: Mounting plugin SpeedTreeImporter
LogPluginManager: Mounting plugin DatasmithContent
LogPluginManager: Mounting plugin VariantManagerContent
LogPluginManager: Mounting plugin OodleData
LogPluginManager: Mounting plugin OodleNetwork
LogPluginManager: Mounting plugin AlembicImporter
LogPluginManager: Mounting plugin AutomationUtils
LogPluginManager: Mounting plugin BackChannel
LogPluginManager: Mounting plugin ChaosCloth
LogPluginManager: Mounting plugin ChaosClothEditor
LogPluginManager: Mounting plugin ChaosNiagara
LogPluginManager: Mounting plugin ChaosSolverPlugin
LogPluginManager: Mounting plugin ChaosEditor
LogPluginManager: Mounting plugin CharacterAI
LogPluginManager: Mounting plugin GeometryCache
LogPluginManager: Mounting plugin GeometryCollectionPlugin
LogPluginManager: Mounting plugin GeometryProcessing
LogPluginManager: Mounting plugin MotoSynth
LogPluginManager: Mounting plugin OpenImageDenoise
LogPluginManager: Mounting plugin PlanarCut
LogPluginManager: Mounting plugin PlatformCrypto
LogPluginManager: Mounting plugin ProxyLODPlugin
LogPluginManager: Mounting plugin PythonScriptPlugin
LogPluginManager: Mounting plugin SkeletalReduction
LogPluginManager: Mounting plugin Niagara
LogPluginManager: Mounting plugin AndroidMedia
LogPluginManager: Mounting plugin AvfMedia
LogPluginManager: Mounting plugin MediaCompositing
LogPluginManager: Mounting plugin ImgMedia
LogPluginManager: Mounting plugin MediaPlayerEditor
LogPluginManager: Mounting plugin WmfMedia
LogPluginManager: Mounting plugin WebMMedia
LogPluginManager: Mounting plugin MagicLeap
LogPluginManager: Mounting plugin LuminPlatformFeatures
LogPluginManager: Mounting plugin MagicLeapLightEstimation
LogPluginManager: Mounting plugin MagicLeapMedia
LogPluginManager: Mounting plugin MagicLeapPassableWorld
LogPluginManager: Mounting plugin MLSDK
LogPluginManager: Mounting plugin TcpMessaging
LogPluginManager: Mounting plugin UdpMessaging
LogPluginManager: Mounting plugin ActorSequence
LogPluginManager: Mounting plugin LevelSequenceEditor
LogPluginManager: Mounting plugin MatineeToLevelSequence
LogPluginManager: Mounting plugin TemplateSequence
LogPluginManager: Mounting plugin OnlineSubsystem
LogPluginManager: Mounting plugin OnlineSubsystemNull
LogPluginManager: Mounting plugin OnlineSubsystemUtils
LogPluginManager: Mounting plugin LauncherChunkInstaller
LogPluginManager: Mounting plugin ActorLayerUtilities
LogPluginManager: Mounting plugin AndroidDeviceProfileSelector
LogPluginManager: Mounting plugin AndroidMoviePlayer
LogPluginManager: Mounting plugin AndroidPermission
LogPluginManager: Mounting plugin AppleImageUtils
LogPluginManager: Mounting plugin ArchVisCharacter
LogPluginManager: Mounting plugin AssetTags
LogPluginManager: Mounting plugin AudioCapture
LogPluginManager: Mounting plugin AudioSynesthesia
LogPluginManager: Mounting plugin CableComponent
LogPluginManager: Mounting plugin ChunkDownloader
LogPluginManager: Mounting plugin AppleMoviePlayer
LogPluginManager: Mounting plugin CustomMeshComponent
LogPluginManager: Mounting plugin EditableMesh
LogPluginManager: Mounting plugin ExampleDeviceProfileSelector
LogPluginManager: Mounting plugin GooglePAD
LogPluginManager: Mounting plugin GoogleCloudMessaging
LogPluginManager: Mounting plugin IOSDeviceProfileSelector
LogPluginManager: Mounting plugin LinuxDeviceProfileSelector
LogPluginManager: Mounting plugin LocationServicesBPLibrary
LogPluginManager: Mounting plugin MobilePatchingUtils
LogPluginManager: Mounting plugin OpenXR
LogPluginManager: Mounting plugin OpenXRHandTracking
LogPluginManager: Mounting plugin OpenXREyeTracker
LogPluginManager: Mounting plugin PhysXVehicles
LogPluginManager: Mounting plugin PostSplashScreen
LogPluginManager: Mounting plugin ProceduralMeshComponent
LogPluginManager: Mounting plugin PropertyAccessEditor
LogPluginManager: Mounting plugin RuntimePhysXCooking
LogPluginManager: Mounting plugin SignificanceManager
LogPluginManager: Mounting plugin SoundFields
LogPluginManager: Mounting plugin Synthesis
LogPluginManager: Mounting plugin WebMMoviePlayer
LogPluginManager: Mounting plugin WindowsMoviePlayer
LogPluginManager: Mounting plugin ScreenshotTools
LogPluginManager: Mounting plugin Takes
LogPluginManager: Mounting plugin ContentBrowserAssetDataSource
LogPluginManager: Mounting plugin ContentBrowserClassDataSource
LogPluginManager: Mounting plugin ContentBrowserFileDataSource
LogPluginManager: Mounting plugin OnlineSubsystemGooglePlay
LogPluginManager: Mounting plugin OnlineSubsystemIOS
LogPluginManager: Mounting plugin OculusVR
LogPluginManager: Mounting plugin SteamVR
PixWinPlugin: PIX capture plugin failed to initialize! Check that the process is launched from PIX.
LogInit: Using libcurl 7.55.1-DEV
LogInit:  - built for x86_64-pc-win32
LogInit:  - supports SSL with OpenSSL/1.1.1
LogInit:  - supports HTTP deflate (compression) using libz 1.2.8
LogInit:  - other features:
LogInit:      CURL_VERSION_SSL
LogInit:      CURL_VERSION_LIBZ
LogInit:      CURL_VERSION_IPV6
LogInit:      CURL_VERSION_ASYNCHDNS
LogInit:      CURL_VERSION_LARGEFILE
LogInit:      CURL_VERSION_IDN
LogInit:  CurlRequestOptions (configurable via config and command line):
LogInit:  - bVerifyPeer = true  - Libcurl will verify peer certificate
LogInit:  - bUseHttpProxy = false  - Libcurl will NOT use HTTP proxy
LogInit:  - bDontReuseConnections = false  - Libcurl will reuse connections
LogInit:  - MaxHostConnections = 16  - Libcurl will limit the number of connections to a host
LogInit:  - LocalHostAddr = Default
LogInit:  - BufferSize = 65536
LogOnline: OSS: Creating online subsystem instance for: NULL
LogInit: WinSock: version 1.1 (2.2), MaxSocks=32767, MaxUdp=65467
LogOnline: OSS: TryLoadSubsystemAndSetDefault: Loaded subsystem for module [NULL]
LogOculusPluginWrapper: OculusPlugin initialized successfully
LogHMD: Failed initializing OVRPlugin 1.59.0
LogInit: Build: ++UE4+Release-4.27-CL-18319896
LogInit: Engine Version: 4.27.2-18319896+++UE4+Release-4.27
LogInit: Compatible Engine Version: 4.27.0-17155196+++UE4+Release-4.27
LogInit: Net CL: 17155196
LogInit: OS: Windows 10 (Release 2009) (), CPU: Intel(R) Core(TM) i5-4570 CPU @ 3.20GHz, GPU: NVIDIA Quadro K600
LogInit: Compiled (64-bit): Nov 30 2021 07:12:08
LogInit: Compiled with Visual C++: 19.24.28315.00
LogInit: Build Configuration: Development
LogInit: Branch Name: ++UE4+Release-4.27
LogInit: Command Line: 
LogInit: Base Directory: C:/Program Files/Epic Games/UE_4.27/Engine/Binaries/Win64/
LogInit: Allocator: TBB
LogInit: Installed Engine Build: 1
LogDevObjectVersion: Number of dev versions registered: 29
LogDevObjectVersion:   Dev-Blueprints (B0D832E4-1F89-4F0D-ACCF-7EB736FD4AA2): 10
LogDevObjectVersion:   Dev-Build (E1C64328-A22C-4D53-A36C-8E866417BD8C): 0
LogDevObjectVersion:   Dev-Core (375EC13C-06E4-48FB-B500-84F0262A717E): 4
LogDevObjectVersion:   Dev-Editor (E4B068ED-F494-42E9-A231-DA0B2E46BB41): 40
LogDevObjectVersion:   Dev-Framework (CFFC743F-43B0-4480-9391-14DF171D2073): 37
LogDevObjectVersion:   Dev-Mobile (B02B49B5-BB20-44E9-A304-32B752E40360): 3
LogDevObjectVersion:   Dev-Networking (A4E4105C-59A1-49B5-A7C5-40C4547EDFEE): 0
LogDevObjectVersion:   Dev-Online (39C831C9-5AE6-47DC-9A44-9C173E1C8E7C): 0
LogDevObjectVersion:   Dev-Physics (78F01B33-EBEA-4F98-B9B4-84EACCB95AA2): 14
LogDevObjectVersion:   Dev-Platform (6631380F-2D4D-43E0-8009-CF276956A95A): 0
LogDevObjectVersion:   Dev-Rendering (12F88B9F-8875-4AFC-A67C-D90C383ABD29): 45
LogDevObjectVersion:   Dev-Sequencer (7B5AE74C-D270-4C10-A958-57980B212A5A): 13
LogDevObjectVersion:   Dev-VR (D7296918-1DD6-4BDD-9DE2-64A83CC13884): 3
LogDevObjectVersion:   Dev-LoadTimes (C2A15278-BFE7-4AFE-6C17-90FF531DF755): 1
LogDevObjectVersion:   Private-Geometry (6EACA3D4-40EC-4CC1-B786-8BED09428FC5): 3
LogDevObjectVersion:   Dev-AnimPhys (29E575DD-E0A3-4627-9D10-D276232CDCEA): 17
LogDevObjectVersion:   Dev-Anim (AF43A65D-7FD3-4947-9873-3E8ED9C1BB05): 15
LogDevObjectVersion:   Dev-ReflectionCapture (6B266CEC-1EC7-4B8F-A30B-E4D90942FC07): 1
LogDevObjectVersion:   Dev-Automation (0DF73D61-A23F-47EA-B727-89E90C41499A): 1
LogDevObjectVersion:   FortniteMain (601D1886-AC64-4F84-AA16-D3DE0DEAC7D6): 47
LogDevObjectVersion:   FortniteRelease (E7086368-6B23-4C58-8439-1B7016265E91): 1
LogDevObjectVersion:   Dev-Enterprise (9DFFBCD6-494F-0158-E221-12823C92A888): 10
LogDevObjectVersion:   Dev-Niagara (F2AED0AC-9AFE-416F-8664-AA7FFA26D6FC): 1
LogDevObjectVersion:   Dev-Destruction (174F1F0B-B4C6-45A5-B13F-2EE8D0FB917D): 10
LogDevObjectVersion:   Dev-Physics-Ext (35F94A83-E258-406C-A318-09F59610247C): 41
LogDevObjectVersion:   Dev-PhysicsMaterial-Chaos (B68FC16E-8B1B-42E2-B453-215C058844FE): 1
LogDevObjectVersion:   Dev-CineCamera (B2E18506-4273-CFC2-A54E-F4BB758BBA07): 1
LogDevObjectVersion:   Dev-VirtualProduction (64F58936-FD1B-42BA-BA96-7289D5D0FA4E): 1
LogDevObjectVersion:   Dev-MediaFramework (6F0ED827-A609-4895-9C91-998D90180EA4): 2
LogInit: Presizing for max 25165824 objects, including 0 objects not considered by GC, pre-allocating 0 bytes for permanent pool.
LogConfig: Applying CVar settings from Section [/Script/Engine.StreamingSettings] File [C:/Users/5926004155/OneDrive - School Board of Seminole County/Documents/GameDesign5/GameDesign5/Saved/Config/Windows/Engine.ini]
LogConfig: Setting CVar [[s.MinBulkDataSizeForAsyncLoading:131072]]
LogConfig: Setting CVar [[s.AsyncLoadingThreadEnabled:0]]
LogConfig: Setting CVar [[s.EventDrivenLoaderEnabled:1]]
LogConfig: Setting CVar [[s.WarnIfTimeLimitExceeded:0]]
LogConfig: Setting CVar [[s.TimeLimitExceededMultiplier:1.5]]
LogConfig: Setting CVar [[s.TimeLimitExceededMinTime:0.005]]
LogConfig: Setting CVar [[s.UseBackgroundLevelStreaming:1]]
LogConfig: Setting CVar [[s.PriorityAsyncLoadingExtraTime:15.0]]
LogConfig: Setting CVar [[s.LevelStreamingActorsUpdateTimeLimit:5.0]]
LogConfig: Setting CVar [[s.PriorityLevelStreamingActorsUpdateExtraTime:5.0]]
LogConfig: Setting CVar [[s.LevelStreamingComponentsRegistrationGranularity:10]]
LogConfig: Setting CVar [[s.UnregisterComponentsTimeLimit:1.0]]
LogConfig: Setting CVar [[s.LevelStreamingComponentsUnregistrationGranularity:5]]
LogConfig: Setting CVar [[s.FlushStreamingOnExit:1]]
LogInit: Object subsystem initialized
LogConfig: Setting CVar [[con.DebugEarlyDefault:1]]
LogConfig: Setting CVar [[r.setres:1280x720]]
[2022.12.12-16.55.01:821][  0]LogConfig: Setting CVar [[r.VSync:0]]
[2022.12.12-16.55.01:821][  0]LogConfig: Setting CVar [[r.RHICmdBypass:0]]
[2022.12.12-16.55.01:821][  0]LogConfig: Applying CVar settings from Section [/Script/Engine.RendererSettings] File [C:/Users/5926004155/OneDrive - School Board of Seminole County/Documents/GameDesign5/GameDesign5/Saved/Config/Windows/Engine.ini]
[2022.12.12-16.55.01:821][  0]LogConfig: Setting CVar [[r.GPUCrashDebugging:0]]
[2022.12.12-16.55.01:822][  0]LogConfig: Setting CVar [[r.MobileHDR:0]]
[2022.12.12-16.55.01:822][  0]LogConfig: Applying CVar settings from Section [/Script/Engine.RendererOverrideSettings] File [C:/Users/5926004155/OneDrive - School Board of Seminole County/Documents/GameDesign5/GameDesign5/Saved/Config/Windows/Engine.ini]
[2022.12.12-16.55.01:822][  0]LogConfig: Applying CVar settings from Section [/Script/Engine.StreamingSettings] File [C:/Users/5926004155/OneDrive - School Board of Seminole County/Documents/GameDesign5/GameDesign5/Saved/Config/Windows/Engine.ini]
[2022.12.12-16.55.01:822][  0]LogConfig: Setting CVar [[s.MinBulkDataSizeForAsyncLoading:131072]]
[2022.12.12-16.55.01:822][  0]LogConfig: Setting CVar [[s.AsyncLoadingThreadEnabled:0]]
[2022.12.12-16.55.01:822][  0]LogConfig: Setting CVar [[s.EventDrivenLoaderEnabled:1]]
[2022.12.12-16.55.01:822][  0]LogConfig: Setting CVar [[s.WarnIfTimeLimitExceeded:0]]
[2022.12.12-16.55.01:822][  0]LogConfig: Setting CVar [[s.TimeLimitExceededMultiplier:1.5]]
[2022.12.12-16.55.01:822][  0]LogConfig: Setting CVar [[s.TimeLimitExceededMinTime:0.005]]
[2022.12.12-16.55.01:822][  0]LogConfig: Setting CVar [[s.UseBackgroundLevelStreaming:1]]
[2022.12.12-16.55.01:822][  0]LogConfig: Setting CVar [[s.PriorityAsyncLoadingExtraTime:15.0]]
[2022.12.12-16.55.01:822][  0]LogConfig: Setting CVar [[s.LevelStreamingActorsUpdateTimeLimit:5.0]]
[2022.12.12-16.55.01:822][  0]LogConfig: Setting CVar [[s.PriorityLevelStreamingActorsUpdateExtraTime:5.0]]
[2022.12.12-16.55.01:822][  0]LogConfig: Setting CVar [[s.LevelStreamingComponentsRegistrationGranularity:10]]
[2022.12.12-16.55.01:822][  0]LogConfig: Setting CVar [[s.UnregisterComponentsTimeLimit:1.0]]
[2022.12.12-16.55.01:822][  0]LogConfig: Setting CVar [[s.LevelStreamingComponentsUnregistrationGranularity:5]]
[2022.12.12-16.55.01:822][  0]LogConfig: Setting CVar [[s.FlushStreamingOnExit:1]]
[2022.12.12-16.55.01:822][  0]LogConfig: Applying CVar settings from Section [/Script/Engine.GarbageCollectionSettings] File [C:/Users/5926004155/OneDrive - School Board of Seminole County/Documents/GameDesign5/GameDesign5/Saved/Config/Windows/Engine.ini]
[2022.12.12-16.55.01:822][  0]LogConfig: Setting CVar [[gc.MaxObjectsNotConsideredByGC:1]]
[2022.12.12-16.55.01:822][  0]LogConfig: Setting CVar [[gc.SizeOfPermanentObjectPool:0]]
[2022.12.12-16.55.01:822][  0]LogConfig: Setting CVar [[gc.FlushStreamingOnGC:0]]
[2022.12.12-16.55.01:822][  0]LogConfig: Setting CVar [[gc.NumRetriesBeforeForcingGC:10]]
[2022.12.12-16.55.01:822][  0]LogConfig: Setting CVar [[gc.AllowParallelGC:1]]
[2022.12.12-16.55.01:822][  0]LogConfig: Setting CVar [[gc.TimeBetweenPurgingPendingKillObjects:61.1]]
[2022.12.12-16.55.01:822][  0]LogConfig: Setting CVar [[gc.MaxObjectsInEditor:25165824]]
[2022.12.12-16.55.01:822][  0]LogConfig: Setting CVar [[gc.IncrementalBeginDestroyEnabled:1]]
[2022.12.12-16.55.01:822][  0]LogConfig: Setting CVar [[gc.CreateGCClusters:1]]
[2022.12.12-16.55.01:822][  0]LogConfig: Setting CVar [[gc.MinGCClusterSize:5]]
[2022.12.12-16.55.01:822][  0]LogConfig: Setting CVar [[gc.ActorClusteringEnabled:0]]
[2022.12.12-16.55.01:822][  0]LogConfig: Setting CVar [[gc.BlueprintClusteringEnabled:0]]
[2022.12.12-16.55.01:822][  0]LogConfig: Setting CVar [[gc.UseDisregardForGCOnDedicatedServers:0]]
[2022.12.12-16.55.01:822][  0]LogConfig: Setting CVar [[gc.MultithreadedDestructionEnabled:1]]
[2022.12.12-16.55.01:822][  0]LogConfig: Applying CVar settings from Section [/Script/Engine.NetworkSettings] File [C:/Users/5926004155/OneDrive - School Board of Seminole County/Documents/GameDesign5/GameDesign5/Saved/Config/Windows/Engine.ini]
[2022.12.12-16.55.01:822][  0]LogConfig: Applying CVar settings from Section [/Script/UnrealEd.CookerSettings] File [C:/Users/5926004155/OneDrive - School Board of Seminole County/Documents/GameDesign5/GameDesign5/Saved/Config/Windows/Engine.ini]
[2022.12.12-16.55.01:839][  0]LogConfig: Applying CVar settings from Section [ViewDistanceQuality@3] File [C:/Users/5926004155/OneDrive - School Board of Seminole County/Documents/GameDesign5/GameDesign5/Saved/Config/Windows/Scalability.ini]
[2022.12.12-16.55.01:839][  0]LogConfig: Setting CVar [[r.SkeletalMeshLODBias:0]]
[2022.12.12-16.55.01:839][  0]LogConfig: Setting CVar [[r.ViewDistanceScale:1.0]]
[2022.12.12-16.55.01:839][  0]LogConfig: Applying CVar settings from Section [AntiAliasingQuality@3] File [C:/Users/5926004155/OneDrive - School Board of Seminole County/Documents/GameDesign5/GameDesign5/Saved/Config/Windows/Scalability.ini]
[2022.12.12-16.55.01:839][  0]LogConfig: Setting CVar [[r.PostProcessAAQuality:4]]
[2022.12.12-16.55.01:839][  0]LogConfig: Applying CVar settings from Section [ShadowQuality@3] File [C:/Users/5926004155/OneDrive - School Board of Seminole County/Documents/GameDesign5/GameDesign5/Saved/Config/Windows/Scalability.ini]
[2022.12.12-16.55.01:839][  0]LogConfig: Setting CVar [[r.LightFunctionQuality:1]]
[2022.12.12-16.55.01:839][  0]LogConfig: Setting CVar [[r.ShadowQuality:5]]
[2022.12.12-16.55.01:839][  0]LogConfig: Setting CVar [[r.Shadow.CSM.MaxCascades:10]]
[2022.12.12-16.55.01:839][  0]LogConfig: Setting CVar [[r.Shadow.MaxResolution:2048]]
[2022.12.12-16.55.01:839][  0]LogConfig: Setting CVar [[r.Shadow.MaxCSMResolution:2048]]
[2022.12.12-16.55.01:839][  0]LogConfig: Setting CVar [[r.Shadow.RadiusThreshold:0.01]]
[2022.12.12-16.55.01:839][  0]LogConfig: Setting CVar [[r.Shadow.DistanceScale:1.0]]
[2022.12.12-16.55.01:839][  0]LogConfig: Setting CVar [[r.Shadow.CSM.TransitionScale:1.0]]
[2022.12.12-16.55.01:839][  0]LogConfig: Setting CVar [[r.Shadow.PreShadowResolutionFactor:1.0]]
[2022.12.12-16.55.01:839][  0]LogConfig: Setting CVar [[r.DistanceFieldShadowing:1]]
[2022.12.12-16.55.01:839][  0]LogConfig: Setting CVar [[r.DistanceFieldAO:1]]
[2022.12.12-16.55.01:839][  0]LogConfig: Setting CVar [[r.AOQuality:2]]
[2022.12.12-16.55.01:839][  0]LogConfig: Setting CVar [[r.VolumetricFog:1]]
[2022.12.12-16.55.01:839][  0]LogConfig: Setting CVar [[r.VolumetricFog.GridPixelSize:8]]
[2022.12.12-16.55.01:839][  0]LogConfig: Setting CVar [[r.VolumetricFog.GridSizeZ:128]]
[2022.12.12-16.55.01:839][  0]LogConfig: Setting CVar [[r.VolumetricFog.HistoryMissSupersampleCount:4]]
[2022.12.12-16.55.01:839][  0]LogConfig: Setting CVar [[r.LightMaxDrawDistanceScale:1]]
[2022.12.12-16.55.01:839][  0]LogConfig: Setting CVar [[r.CapsuleShadows:1]]
[2022.12.12-16.55.01:839][  0]LogConfig: Applying CVar settings from Section [PostProcessQuality@3] File [C:/Users/5926004155/OneDrive - School Board of Seminole County/Documents/GameDesign5/GameDesign5/Saved/Config/Windows/Scalability.ini]
[2022.12.12-16.55.01:839][  0]LogConfig: Setting CVar [[r.MotionBlurQuality:4]]
[2022.12.12-16.55.01:839][  0]LogConfig: Setting CVar [[r.AmbientOcclusionMipLevelFactor:0.4]]
[2022.12.12-16.55.01:839][  0]LogConfig: Setting CVar [[r.AmbientOcclusionMaxQuality:100]]
[2022.12.12-16.55.01:839][  0]LogConfig: Setting CVar [[r.AmbientOcclusionLevels:-1]]
[2022.12.12-16.55.01:839][  0]LogConfig: Setting CVar [[r.AmbientOcclusionRadiusScale:1.0]]
[2022.12.12-16.55.01:839][  0]LogConfig: Setting CVar [[r.DepthOfFieldQuality:2]]
[2022.12.12-16.55.01:839][  0]LogConfig: Setting CVar [[r.RenderTargetPoolMin:400]]
[2022.12.12-16.55.01:840][  0]LogConfig: Setting CVar [[r.LensFlareQuality:2]]
[2022.12.12-16.55.01:840][  0]LogConfig: Setting CVar [[r.SceneColorFringeQuality:1]]
[2022.12.12-16.55.01:840][  0]LogConfig: Setting CVar [[r.EyeAdaptationQuality:2]]
[2022.12.12-16.55.01:840][  0]LogConfig: Setting CVar [[r.BloomQuality:5]]
[2022.12.12-16.55.01:840][  0]LogConfig: Setting CVar [[r.FastBlurThreshold:100]]
[2022.12.12-16.55.01:840][  0]LogConfig: Setting CVar [[r.Upscale.Quality:3]]
[2022.12.12-16.55.01:840][  0]LogConfig: Setting CVar [[r.Tonemapper.GrainQuantization:1]]
[2022.12.12-16.55.01:840][  0]LogConfig: Setting CVar [[r.LightShaftQuality:1]]
[2022.12.12-16.55.01:840][  0]LogConfig: Setting CVar [[r.Filter.SizeScale:1]]
[2022.12.12-16.55.01:840][  0]LogConfig: Setting CVar [[r.Tonemapper.Quality:5]]
[2022.12.12-16.55.01:840][  0]LogConfig: Setting CVar [[r.DOF.Gather.AccumulatorQuality:1        ; higher gathering accumulator quality]]
[2022.12.12-16.55.01:840][  0]LogConfig: Setting CVar [[r.DOF.Gather.PostfilterMethod:1          ; Median3x3 postfilering method]]
[2022.12.12-16.55.01:840][  0]LogConfig: Setting CVar [[r.DOF.Gather.EnableBokehSettings:0       ; no bokeh simulation when gathering]]
[2022.12.12-16.55.01:840][  0]LogConfig: Setting CVar [[r.DOF.Gather.RingCount:4                 ; medium number of samples when gathering]]
[2022.12.12-16.55.01:840][  0]LogConfig: Setting CVar [[r.DOF.Scatter.ForegroundCompositing:1    ; additive foreground scattering]]
[2022.12.12-16.55.01:840][  0]LogConfig: Setting CVar [[r.DOF.Scatter.BackgroundCompositing:2    ; additive background scattering]]
[2022.12.12-16.55.01:840][  0]LogConfig: Setting CVar [[r.DOF.Scatter.EnableBokehSettings:1      ; bokeh simulation when scattering]]
[2022.12.12-16.55.01:840][  0]LogConfig: Setting CVar [[r.DOF.Scatter.MaxSpriteRatio:0.1         ; only a maximum of 10% of scattered bokeh]]
[2022.12.12-16.55.01:840][  0]LogConfig: Setting CVar [[r.DOF.Recombine.Quality:1                ; cheap slight out of focus]]
[2022.12.12-16.55.01:840][  0]LogConfig: Setting CVar [[r.DOF.Recombine.EnableBokehSettings:0    ; no bokeh simulation on slight out of focus]]
[2022.12.12-16.55.01:840][  0]LogConfig: Setting CVar [[r.DOF.TemporalAAQuality:1                ; more stable temporal accumulation]]
[2022.12.12-16.55.01:840][  0]LogConfig: Setting CVar [[r.DOF.Kernel.MaxForegroundRadius:0.025]]
[2022.12.12-16.55.01:840][  0]LogConfig: Setting CVar [[r.DOF.Kernel.MaxBackgroundRadius:0.025]]
[2022.12.12-16.55.01:840][  0]LogConfig: Applying CVar settings from Section [TextureQuality@3] File [C:/Users/5926004155/OneDrive - School Board of Seminole County/Documents/GameDesign5/GameDesign5/Saved/Config/Windows/Scalability.ini]
[2022.12.12-16.55.01:840][  0]LogConfig: Setting CVar [[r.Streaming.MipBias:0]]
[2022.12.12-16.55.01:840][  0]LogConfig: Setting CVar [[r.Streaming.AmortizeCPUToGPUCopy:0]]
[2022.12.12-16.55.01:840][  0]LogConfig: Setting CVar [[r.Streaming.MaxNumTexturesToStreamPerFrame:0]]
[2022.12.12-16.55.01:840][  0]LogConfig: Setting CVar [[r.Streaming.Boost:1]]
[2022.12.12-16.55.01:840][  0]LogConfig: Setting CVar [[r.MaxAnisotropy:8]]
[2022.12.12-16.55.01:840][  0]LogConfig: Setting CVar [[r.VT.MaxAnisotropy:8]]
[2022.12.12-16.55.01:840][  0]LogConfig: Setting CVar [[r.Streaming.LimitPoolSizeToVRAM:0]]
[2022.12.12-16.55.01:840][  0]LogConfig: Setting CVar [[r.Streaming.PoolSize:1000]]
[2022.12.12-16.55.01:840][  0]LogConfig: Setting CVar [[r.Streaming.MaxEffectiveScreenSize:0]]
[2022.12.12-16.55.01:840][  0]LogConfig: Applying CVar settings from Section [EffectsQuality@3] File [C:/Users/5926004155/OneDrive - School Board of Seminole County/Documents/GameDesign5/GameDesign5/Saved/Config/Windows/Scalability.ini]
[2022.12.12-16.55.01:840][  0]LogConfig: Setting CVar [[r.TranslucencyLightingVolumeDim:64]]
[2022.12.12-16.55.01:840][  0]LogConfig: Setting CVar [[r.RefractionQuality:2]]
[2022.12.12-16.55.01:840][  0]LogConfig: Setting CVar [[r.SSR.Quality:3]]
[2022.12.12-16.55.01:840][  0]LogConfig: Setting CVar [[r.SSR.HalfResSceneColor:0]]
[2022.12.12-16.55.01:840][  0]LogConfig: Setting CVar [[r.SceneColorFormat:4]]
[2022.12.12-16.55.01:840][  0]LogConfig: Setting CVar [[r.DetailMode:2]]
[2022.12.12-16.55.01:840][  0]LogConfig: Setting CVar [[r.TranslucencyVolumeBlur:1]]
[2022.12.12-16.55.01:840][  0]LogConfig: Setting CVar [[r.MaterialQualityLevel:1 ; High quality]]
[2022.12.12-16.55.01:840][  0]LogConfig: Setting CVar [[r.AnisotropicMaterials:1]]
[2022.12.12-16.55.01:840][  0]LogConfig: Setting CVar [[r.SSS.Scale:1]]
[2022.12.12-16.55.01:840][  0]LogConfig: Setting CVar [[r.SSS.SampleSet:2]]
[2022.12.12-16.55.01:840][  0]LogConfig: Setting CVar [[r.SSS.Quality:1]]
[2022.12.12-16.55.01:840][  0]LogConfig: Setting CVar [[r.SSS.HalfRes:0]]
[2022.12.12-16.55.01:840][  0]LogConfig: Setting CVar [[r.SSGI.Quality:3]]
[2022.12.12-16.55.01:840][  0]LogConfig: Setting CVar [[r.EmitterSpawnRateScale:1.0]]
[2022.12.12-16.55.01:840][  0]LogConfig: Setting CVar [[r.ParticleLightQuality:2]]
[2022.12.12-16.55.01:840][  0]LogConfig: Setting CVar [[r.SkyAtmosphere.AerialPerspectiveLUT.FastApplyOnOpaque:1 ; Always have FastSkyLUT 1 in this case to avoid wrong sky]]
[2022.12.12-16.55.01:840][  0]LogConfig: Setting CVar [[r.SkyAtmosphere.AerialPerspectiveLUT.SampleCountMaxPerSlice:4]]
[2022.12.12-16.55.01:840][  0]LogConfig: Setting CVar [[r.SkyAtmosphere.AerialPerspectiveLUT.DepthResolution:16.0]]
[2022.12.12-16.55.01:840][  0]LogConfig: Setting CVar [[r.SkyAtmosphere.FastSkyLUT:1]]
[2022.12.12-16.55.01:840][  0]LogConfig: Setting CVar [[r.SkyAtmosphere.FastSkyLUT.SampleCountMin:4.0]]
[2022.12.12-16.55.01:840][  0]LogConfig: Setting CVar [[r.SkyAtmosphere.FastSkyLUT.SampleCountMax:128.0]]
[2022.12.12-16.55.01:840][  0]LogConfig: Setting CVar [[r.SkyAtmosphere.SampleCountMin:4.0]]
[2022.12.12-16.55.01:840][  0]LogConfig: Setting CVar [[r.SkyAtmosphere.SampleCountMax:128.0]]
[2022.12.12-16.55.01:840][  0]LogConfig: Setting CVar [[r.SkyAtmosphere.TransmittanceLUT.UseSmallFormat:0]]
[2022.12.12-16.55.01:840][  0]LogConfig: Setting CVar [[r.SkyAtmosphere.TransmittanceLUT.SampleCount:10.0]]
[2022.12.12-16.55.01:840][  0]LogConfig: Setting CVar [[r.SkyAtmosphere.MultiScatteringLUT.SampleCount:15.0]]
[2022.12.12-16.55.01:840][  0]LogConfig: Setting CVar [[r.SkyLight.RealTimeReflectionCapture:1]]
[2022.12.12-16.55.01:840][  0]LogConfig: Applying CVar settings from Section [FoliageQuality@3] File [C:/Users/5926004155/OneDrive - School Board of Seminole County/Documents/GameDesign5/GameDesign5/Saved/Config/Windows/Scalability.ini]
[2022.12.12-16.55.01:840][  0]LogConfig: Setting CVar [[foliage.DensityScale:1.0]]
[2022.12.12-16.55.01:840][  0]LogConfig: Setting CVar [[grass.DensityScale:1.0]]
[2022.12.12-16.55.01:840][  0]LogConfig: Applying CVar settings from Section [ShadingQuality@3] File [C:/Users/5926004155/OneDrive - School Board of Seminole County/Documents/GameDesign5/GameDesign5/Saved/Config/Windows/Scalability.ini]
[2022.12.12-16.55.01:840][  0]LogConfig: Setting CVar [[r.HairStrands.SkyLighting.IntegrationType:2]]
[2022.12.12-16.55.01:840][  0]LogConfig: Setting CVar [[r.HairStrands.SkyAO.SampleCount:4]]
[2022.12.12-16.55.01:840][  0]LogConfig: Setting CVar [[r.HairStrands.Visibility.MSAA.SamplePerPixel:4]]
[2022.12.12-16.55.01:841][  0]LogInit: Selected Device Profile: [Windows]
[2022.12.12-16.55.01:842][  0]LogInit: Applying CVar settings loaded from the selected device profile: [Windows]
[2022.12.12-16.55.01:843][  0]LogHAL: Display: Platform has ~ 8 GB [8261713920 / 8589934592 / 8], which maps to Default [LargestMinGB=32, LargerMinGB=12, DefaultMinGB=8, SmallerMinGB=6, SmallestMinGB=0)
[2022.12.12-16.55.01:843][  0]LogInit: Going up to parent DeviceProfile []
[2022.12.12-16.55.01:844][  0]LogConfig: Applying CVar settings from Section [ViewDistanceQuality@3] File [C:/Users/5926004155/OneDrive - School Board of Seminole County/Documents/GameDesign5/GameDesign5/Saved/Config/Windows/Scalability.ini]
[2022.12.12-16.55.01:844][  0]LogConfig: Setting CVar [[r.SkeletalMeshLODBias:0]]
[2022.12.12-16.55.01:844][  0]LogConfig: Setting CVar [[r.ViewDistanceScale:1.0]]
[2022.12.12-16.55.01:844][  0]LogConfig: Applying CVar settings from Section [AntiAliasingQuality@3] File [C:/Users/5926004155/OneDrive - School Board of Seminole County/Documents/GameDesign5/GameDesign5/Saved/Config/Windows/Scalability.ini]
[2022.12.12-16.55.01:844][  0]LogConfig: Setting CVar [[r.PostProcessAAQuality:4]]
[2022.12.12-16.55.01:844][  0]LogConfig: Applying CVar settings from Section [ShadowQuality@3] File [C:/Users/5926004155/OneDrive - School Board of Seminole County/Documents/GameDesign5/GameDesign5/Saved/Config/Windows/Scalability.ini]
[2022.12.12-16.55.01:844][  0]LogConfig: Setting CVar [[r.LightFunctionQuality:1]]
[2022.12.12-16.55.01:844][  0]LogConfig: Setting CVar [[r.ShadowQuality:5]]
[2022.12.12-16.55.01:844][  0]LogConfig: Setting CVar [[r.Shadow.CSM.MaxCascades:10]]
[2022.12.12-16.55.01:844][  0]LogConfig: Setting CVar [[r.Shadow.MaxResolution:2048]]
[2022.12.12-16.55.01:844][  0]LogConfig: Setting CVar [[r.Shadow.MaxCSMResolution:2048]]
[2022.12.12-16.55.01:844][  0]LogConfig: Setting CVar [[r.Shadow.RadiusThreshold:0.01]]
[2022.12.12-16.55.01:844][  0]LogConfig: Setting CVar [[r.Shadow.DistanceScale:1.0]]
[2022.12.12-16.55.01:844][  0]LogConfig: Setting CVar [[r.Shadow.CSM.TransitionScale:1.0]]
[2022.12.12-16.55.01:844][  0]LogConfig: Setting CVar [[r.Shadow.PreShadowResolutionFactor:1.0]]
[2022.12.12-16.55.01:844][  0]LogConfig: Setting CVar [[r.DistanceFieldShadowing:1]]
[2022.12.12-16.55.01:844][  0]LogConfig: Setting CVar [[r.DistanceFieldAO:1]]
[2022.12.12-16.55.01:844][  0]LogConfig: Setting CVar [[r.AOQuality:2]]
[2022.12.12-16.55.01:844][  0]LogConfig: Setting CVar [[r.VolumetricFog:1]]
[2022.12.12-16.55.01:844][  0]LogConfig: Setting CVar [[r.VolumetricFog.GridPixelSize:8]]
[2022.12.12-16.55.01:844][  0]LogConfig: Setting CVar [[r.VolumetricFog.GridSizeZ:128]]
[2022.12.12-16.55.01:844][  0]LogConfig: Setting CVar [[r.VolumetricFog.HistoryMissSupersampleCount:4]]
[2022.12.12-16.55.01:844][  0]LogConfig: Setting CVar [[r.LightMaxDrawDistanceScale:1]]
[2022.12.12-16.55.01:844][  0]LogConfig: Setting CVar [[r.CapsuleShadows:1]]
[2022.12.12-16.55.01:844][  0]LogConfig: Applying CVar settings from Section [PostProcessQuality@3] File [C:/Users/5926004155/OneDrive - School Board of Seminole County/Documents/GameDesign5/GameDesign5/Saved/Config/Windows/Scalability.ini]
[2022.12.12-16.55.01:844][  0]LogConfig: Setting CVar [[r.MotionBlurQuality:4]]
[2022.12.12-16.55.01:844][  0]LogConfig: Setting CVar [[r.AmbientOcclusionMipLevelFactor:0.4]]
[2022.12.12-16.55.01:844][  0]LogConfig: Setting CVar [[r.AmbientOcclusionMaxQuality:100]]
[2022.12.12-16.55.01:844][  0]LogConfig: Setting CVar [[r.AmbientOcclusionLevels:-1]]
[2022.12.12-16.55.01:844][  0]LogConfig: Setting CVar [[r.AmbientOcclusionRadiusScale:1.0]]
[2022.12.12-16.55.01:844][  0]LogConfig: Setting CVar [[r.DepthOfFieldQuality:2]]
[2022.12.12-16.55.01:844][  0]LogConfig: Setting CVar [[r.RenderTargetPoolMin:400]]
[2022.12.12-16.55.01:844][  0]LogConfig: Setting CVar [[r.LensFlareQuality:2]]
[2022.12.12-16.55.01:844][  0]LogConfig: Setting CVar [[r.SceneColorFringeQuality:1]]
[2022.12.12-16.55.01:844][  0]LogConfig: Setting CVar [[r.EyeAdaptationQuality:2]]
[2022.12.12-16.55.01:844][  0]LogConfig: Setting CVar [[r.BloomQuality:5]]
[2022.12.12-16.55.01:844][  0]LogConfig: Setting CVar [[r.FastBlurThreshold:100]]
[2022.12.12-16.55.01:844][  0]LogConfig: Setting CVar [[r.Upscale.Quality:3]]
[2022.12.12-16.55.01:844][  0]LogConfig: Setting CVar [[r.Tonemapper.GrainQuantization:1]]
[2022.12.12-16.55.01:844][  0]LogConfig: Setting CVar [[r.LightShaftQuality:1]]
[2022.12.12-16.55.01:844][  0]LogConfig: Setting CVar [[r.Filter.SizeScale:1]]
[2022.12.12-16.55.01:844][  0]LogConfig: Setting CVar [[r.Tonemapper.Quality:5]]
[2022.12.12-16.55.01:844][  0]LogConfig: Setting CVar [[r.DOF.Gather.AccumulatorQuality:1        ; higher gathering accumulator quality]]
[2022.12.12-16.55.01:844][  0]LogConfig: Setting CVar [[r.DOF.Gather.PostfilterMethod:1          ; Median3x3 postfilering method]]
[2022.12.12-16.55.01:844][  0]LogConfig: Setting CVar [[r.DOF.Gather.EnableBokehSettings:0       ; no bokeh simulation when gathering]]
[2022.12.12-16.55.01:844][  0]LogConfig: Setting CVar [[r.DOF.Gather.RingCount:4                 ; medium number of samples when gathering]]
[2022.12.12-16.55.01:844][  0]LogConfig: Setting CVar [[r.DOF.Scatter.ForegroundCompositing:1    ; additive foreground scattering]]
[2022.12.12-16.55.01:844][  0]LogConfig: Setting CVar [[r.DOF.Scatter.BackgroundCompositing:2    ; additive background scattering]]
[2022.12.12-16.55.01:844][  0]LogConfig: Setting CVar [[r.DOF.Scatter.EnableBokehSettings:1      ; bokeh simulation when scattering]]
[2022.12.12-16.55.01:844][  0]LogConfig: Setting CVar [[r.DOF.Scatter.MaxSpriteRatio:0.1         ; only a maximum of 10% of scattered bokeh]]
[2022.12.12-16.55.01:844][  0]LogConfig: Setting CVar [[r.DOF.Recombine.Quality:1                ; cheap slight out of focus]]
[2022.12.12-16.55.01:844][  0]LogConfig: Setting CVar [[r.DOF.Recombine.EnableBokehSettings:0    ; no bokeh simulation on slight out of focus]]
[2022.12.12-16.55.01:844][  0]LogConfig: Setting CVar [[r.DOF.TemporalAAQuality:1                ; more stable temporal accumulation]]
[2022.12.12-16.55.01:844][  0]LogConfig: Setting CVar [[r.DOF.Kernel.MaxForegroundRadius:0.025]]
[2022.12.12-16.55.01:844][  0]LogConfig: Setting CVar [[r.DOF.Kernel.MaxBackgroundRadius:0.025]]
[2022.12.12-16.55.01:844][  0]LogConfig: Applying CVar settings from Section [TextureQuality@3] File [C:/Users/5926004155/OneDrive - School Board of Seminole County/Documents/GameDesign5/GameDesign5/Saved/Config/Windows/Scalability.ini]
[2022.12.12-16.55.01:844][  0]LogConfig: Setting CVar [[r.Streaming.MipBias:0]]
[2022.12.12-16.55.01:844][  0]LogConfig: Setting CVar [[r.Streaming.AmortizeCPUToGPUCopy:0]]
[2022.12.12-16.55.01:844][  0]LogConfig: Setting CVar [[r.Streaming.MaxNumTexturesToStreamPerFrame:0]]
[2022.12.12-16.55.01:844][  0]LogConfig: Setting CVar [[r.Streaming.Boost:1]]
[2022.12.12-16.55.01:844][  0]LogConfig: Setting CVar [[r.MaxAnisotropy:8]]
[2022.12.12-16.55.01:844][  0]LogConfig: Setting CVar [[r.VT.MaxAnisotropy:8]]
[2022.12.12-16.55.01:844][  0]LogConfig: Setting CVar [[r.Streaming.LimitPoolSizeToVRAM:0]]
[2022.12.12-16.55.01:844][  0]LogConfig: Setting CVar [[r.Streaming.PoolSize:1000]]
[2022.12.12-16.55.01:844][  0]LogConfig: Setting CVar [[r.Streaming.MaxEffectiveScreenSize:0]]
[2022.12.12-16.55.01:844][  0]LogConfig: Applying CVar settings from Section [EffectsQuality@3] File [C:/Users/5926004155/OneDrive - School Board of Seminole County/Documents/GameDesign5/GameDesign5/Saved/Config/Windows/Scalability.ini]
[2022.12.12-16.55.01:844][  0]LogConfig: Setting CVar [[r.TranslucencyLightingVolumeDim:64]]
[2022.12.12-16.55.01:844][  0]LogConfig: Setting CVar [[r.RefractionQuality:2]]
[2022.12.12-16.55.01:844][  0]LogConfig: Setting CVar [[r.SSR.Quality:3]]
[2022.12.12-16.55.01:845][  0]LogConfig: Setting CVar [[r.SSR.HalfResSceneColor:0]]
[2022.12.12-16.55.01:845][  0]LogConfig: Setting CVar [[r.SceneColorFormat:4]]
[2022.12.12-16.55.01:845][  0]LogConfig: Setting CVar [[r.DetailMode:2]]
[2022.12.12-16.55.01:845][  0]LogConfig: Setting CVar [[r.TranslucencyVolumeBlur:1]]
[2022.12.12-16.55.01:845][  0]LogConfig: Setting CVar [[r.MaterialQualityLevel:1 ; High quality]]
[2022.12.12-16.55.01:845][  0]LogConfig: Setting CVar [[r.AnisotropicMaterials:1]]
[2022.12.12-16.55.01:845][  0]LogConfig: Setting CVar [[r.SSS.Scale:1]]
[2022.12.12-16.55.01:845][  0]LogConfig: Setting CVar [[r.SSS.SampleSet:2]]
[2022.12.12-16.55.01:845][  0]LogConfig: Setting CVar [[r.SSS.Quality:1]]
[2022.12.12-16.55.01:845][  0]LogConfig: Setting CVar [[r.SSS.HalfRes:0]]
[2022.12.12-16.55.01:845][  0]LogConfig: Setting CVar [[r.SSGI.Quality:3]]
[2022.12.12-16.55.01:845][  0]LogConfig: Setting CVar [[r.EmitterSpawnRateScale:1.0]]
[2022.12.12-16.55.01:845][  0]LogConfig: Setting CVar [[r.ParticleLightQuality:2]]
[2022.12.12-16.55.01:845][  0]LogConfig: Setting CVar [[r.SkyAtmosphere.AerialPerspectiveLUT.FastApplyOnOpaque:1 ; Always have FastSkyLUT 1 in this case to avoid wrong sky]]
[2022.12.12-16.55.01:845][  0]LogConfig: Setting CVar [[r.SkyAtmosphere.AerialPerspectiveLUT.SampleCountMaxPerSlice:4]]
[2022.12.12-16.55.01:845][  0]LogConfig: Setting CVar [[r.SkyAtmosphere.AerialPerspectiveLUT.DepthResolution:16.0]]
[2022.12.12-16.55.01:845][  0]LogConfig: Setting CVar [[r.SkyAtmosphere.FastSkyLUT:1]]
[2022.12.12-16.55.01:845][  0]LogConfig: Setting CVar [[r.SkyAtmosphere.FastSkyLUT.SampleCountMin:4.0]]
[2022.12.12-16.55.01:845][  0]LogConfig: Setting CVar [[r.SkyAtmosphere.FastSkyLUT.SampleCountMax:128.0]]
[2022.12.12-16.55.01:845][  0]LogConfig: Setting CVar [[r.SkyAtmosphere.SampleCountMin:4.0]]
[2022.12.12-16.55.01:845][  0]LogConfig: Setting CVar [[r.SkyAtmosphere.SampleCountMax:128.0]]
[2022.12.12-16.55.01:845][  0]LogConfig: Setting CVar [[r.SkyAtmosphere.TransmittanceLUT.UseSmallFormat:0]]
[2022.12.12-16.55.01:845][  0]LogConfig: Setting CVar [[r.SkyAtmosphere.TransmittanceLUT.SampleCount:10.0]]
[2022.12.12-16.55.01:845][  0]LogConfig: Setting CVar [[r.SkyAtmosphere.MultiScatteringLUT.SampleCount:15.0]]
[2022.12.12-16.55.01:845][  0]LogConfig: Setting CVar [[r.SkyLight.RealTimeReflectionCapture:1]]
[2022.12.12-16.55.01:845][  0]LogConfig: Applying CVar settings from Section [FoliageQuality@3] File [C:/Users/5926004155/OneDrive - School Board of Seminole County/Documents/GameDesign5/GameDesign5/Saved/Config/Windows/Scalability.ini]
[2022.12.12-16.55.01:845][  0]LogConfig: Setting CVar [[foliage.DensityScale:1.0]]
[2022.12.12-16.55.01:845][  0]LogConfig: Setting CVar [[grass.DensityScale:1.0]]
[2022.12.12-16.55.01:845][  0]LogConfig: Applying CVar settings from Section [ShadingQuality@3] File [C:/Users/5926004155/OneDrive - School Board of Seminole County/Documents/GameDesign5/GameDesign5/Saved/Config/Windows/Scalability.ini]
[2022.12.12-16.55.01:845][  0]LogConfig: Setting CVar [[r.HairStrands.SkyLighting.IntegrationType:2]]
[2022.12.12-16.55.01:845][  0]LogConfig: Setting CVar [[r.HairStrands.SkyAO.SampleCount:4]]
[2022.12.12-16.55.01:845][  0]LogConfig: Setting CVar [[r.HairStrands.Visibility.MSAA.SamplePerPixel:4]]
[2022.12.12-16.55.01:845][  0]LogConfig: Applying CVar settings from Section [Startup] File [../../../Engine/Config/ConsoleVariables.ini]
[2022.12.12-16.55.01:846][  0]LogConfig: Setting CVar [[net.UseAdaptiveNetUpdateFrequency:0]]
[2022.12.12-16.55.01:846][  0]LogConfig: Setting CVar [[p.chaos.AllowCreatePhysxBodies:1]]
[2022.12.12-16.55.01:846][  0]LogConfig: Setting CVar [[fx.SkipVectorVMBackendOptimizations:1]]
[2022.12.12-16.55.01:846][  0]LogConfig: Applying CVar settings from Section [ConsoleVariables] File [C:/Users/5926004155/OneDrive - School Board of Seminole County/Documents/GameDesign5/GameDesign5/Saved/Config/Windows/Engine.ini]
[2022.12.12-16.55.01:846][  0]LogConfig: Applying CVar settings from Section [ConsoleVariables] File [C:/Users/5926004155/OneDrive - School Board of Seminole County/Documents/GameDesign5/GameDesign5/Saved/Config/Windows/Editor.ini]
[2022.12.12-16.55.01:848][  0]LogInit: Computer: CAIT-2UA43921KJ
[2022.12.12-16.55.01:848][  0]LogInit: User: 5926004155
[2022.12.12-16.55.01:848][  0]LogInit: CPU Page size=4096, Cores=4
[2022.12.12-16.55.01:848][  0]LogInit: High frequency timer resolution =10.000000 MHz
[2022.12.12-16.55.01:848][  0]LogMemory: Memory total: Physical=7.7GB (8GB approx)
[2022.12.12-16.55.01:848][  0]LogMemory: Platform Memory Stats for Windows
[2022.12.12-16.55.01:848][  0]LogMemory: Process Physical Memory: 139.81 MB used, 139.82 MB peak
[2022.12.12-16.55.01:848][  0]LogMemory: Process Virtual Memory: 125.11 MB used, 125.11 MB peak
[2022.12.12-16.55.01:848][  0]LogMemory: Physical Memory: 4481.45 MB used,  3397.54 MB free, 7878.98 MB total
[2022.12.12-16.55.01:848][  0]LogMemory: Virtual Memory: 134214264.00 MB used,  3460.36 MB free, 134217728.00 MB total
[2022.12.12-16.55.01:872][  0]LogWindows: WindowsPlatformFeatures enabled
[2022.12.12-16.55.01:990][  0]LogInit: Physics initialised using underlying interface: PhysX
[2022.12.12-16.55.01:996][  0]LogInit: Using OS detected language (en-US).
[2022.12.12-16.55.01:996][  0]LogInit: Using OS detected locale (en-US).
[2022.12.12-16.55.02:025][  0]LogTextLocalizationManager: No specific localization for 'en-US' exists, so the 'en' localization will be used.
[2022.12.12-16.55.02:493][  0]LogInit: Setting process to per monitor DPI aware
[2022.12.12-16.55.02:541][  0]LogWindowsTextInputMethodSystem: Display: IME system deactivated.
[2022.12.12-16.55.02:616][  0]LogSlate: New Slate User Created.  User Index 0, Is Virtual User: 0
[2022.12.12-16.55.02:617][  0]LogSlate: Slate User Registered.  User Index 0, Is Virtual User: 0
[2022.12.12-16.55.06:857][  0]LogD3D11RHI: Loaded GFSDK_Aftermath_Lib.x64.dll
[2022.12.12-16.55.06:864][  0]LogHMD: Failed to initialize OpenVR with code 110
[2022.12.12-16.55.06:865][  0]LogD3D11RHI: D3D11 min allowed feature level: 11_0
[2022.12.12-16.55.06:865][  0]LogD3D11RHI: D3D11 max allowed feature level: 11_0
[2022.12.12-16.55.06:865][  0]LogD3D11RHI: D3D11 adapters:
[2022.12.12-16.55.07:000][  0]LogD3D11RHI:    0. 'NVIDIA Quadro K600' (Feature Level 11_0)
[2022.12.12-16.55.07:000][  0]LogD3D11RHI:       985/0/3939 MB DedicatedVideo/DedicatedSystem/SharedSystem, Outputs:1, VendorId:0x10de
[2022.12.12-16.55.07:015][  0]LogD3D11RHI:    1. 'Intel(R) HD Graphics 4600' (Feature Level 11_0)
[2022.12.12-16.55.07:015][  0]LogD3D11RHI:       112/0/2048 MB DedicatedVideo/DedicatedSystem/SharedSystem, Outputs:0, VendorId:0x8086
[2022.12.12-16.55.07:019][  0]LogD3D11RHI:    2. 'Microsoft Basic Render Driver' (Feature Level 11_0)
[2022.12.12-16.55.07:019][  0]LogD3D11RHI:       0/0/3939 MB DedicatedVideo/DedicatedSystem/SharedSystem, Outputs:0, VendorId:0x1414
[2022.12.12-16.55.07:019][  0]LogD3D11RHI: Chosen D3D11 Adapter:
[2022.12.12-16.55.07:019][  0]LogD3D11RHI:     Description : NVIDIA Quadro K600
[2022.12.12-16.55.07:019][  0]LogD3D11RHI:     VendorId    : 10de
[2022.12.12-16.55.07:019][  0]LogD3D11RHI:     DeviceId    : 0ffa
[2022.12.12-16.55.07:019][  0]LogD3D11RHI:     SubSysId    : 94b103c
[2022.12.12-16.55.07:019][  0]LogD3D11RHI:     Revision    : 00a1
[2022.12.12-16.55.07:019][  0]LogD3D11RHI:     DedicatedVideoMemory : 1033568256 bytes
[2022.12.12-16.55.07:019][  0]LogD3D11RHI:     DedicatedSystemMemory : 0 bytes
[2022.12.12-16.55.07:019][  0]LogD3D11RHI:     SharedSystemMemory : 4130856960 bytes
[2022.12.12-16.55.07:019][  0]LogD3D11RHI:     AdapterLuid : 0 60704
[2022.12.12-16.55.07:028][  0]LogD3D11RHI: Creating new Direct3DDevice
[2022.12.12-16.55.07:028][  0]LogD3D11RHI:     GPU DeviceId: 0xffa (for the marketing name, search the web for "GPU Device Id")
[2022.12.12-16.55.07:028][  0]LogWindows: EnumDisplayDevices:
[2022.12.12-16.55.07:028][  0]LogWindows:    0. 'NVIDIA Quadro K600' (P:1 D:1)
[2022.12.12-16.55.07:029][  0]LogWindows:    1. 'NVIDIA Quadro K600' (P:0 D:0)
[2022.12.12-16.55.07:029][  0]LogWindows:    2. 'Intel(R) HD Graphics 4600' (P:0 D:0)
[2022.12.12-16.55.07:029][  0]LogWindows:    3. 'Intel(R) HD Graphics 4600' (P:0 D:0)
[2022.12.12-16.55.07:030][  0]LogWindows:    4. 'Intel(R) HD Graphics 4600' (P:0 D:0)
[2022.12.12-16.55.07:030][  0]LogWindows:    5. 'mv video hook driver2' (P:0 D:0)
[2022.12.12-16.55.07:031][  0]LogWindows: DebugString: PrimaryIsNotTheChoosenAdapter PrimaryIsNotTheChoosenAdapter PrimaryIsNotTheChoosenAdapter GetVideoDriverDetailsInvalid PrimaryIsNotTheChoosenAdapter FoundDriverCount:2 
[2022.12.12-16.55.07:031][  0]LogD3D11RHI:     Adapter Name: NVIDIA Quadro K600
[2022.12.12-16.55.07:031][  0]LogD3D11RHI:   Driver Version: 472.98 (internal:30.0.14.7298, unified:472.98)
[2022.12.12-16.55.07:031][  0]LogD3D11RHI:      Driver Date: 1-5-2022
[2022.12.12-16.55.07:032][  0]LogRHI: Texture pool is 689 MB (70% of 985 MB)
[2022.12.12-16.55.07:032][  0]LogD3D11RHI: Creating D3DDevice using adapter:
[2022.12.12-16.55.07:032][  0]LogD3D11RHI:     Description : NVIDIA Quadro K600
[2022.12.12-16.55.07:032][  0]LogD3D11RHI:     VendorId    : 10de
[2022.12.12-16.55.07:032][  0]LogD3D11RHI:     DeviceId    : 0ffa
[2022.12.12-16.55.07:032][  0]LogD3D11RHI:     SubSysId    : 94b103c
[2022.12.12-16.55.07:032][  0]LogD3D11RHI:     Revision    : 00a1
[2022.12.12-16.55.07:032][  0]LogD3D11RHI:     DedicatedVideoMemory : 1033568256 bytes
[2022.12.12-16.55.07:032][  0]LogD3D11RHI:     DedicatedSystemMemory : 0 bytes
[2022.12.12-16.55.07:032][  0]LogD3D11RHI:     SharedSystemMemory : 4130856960 bytes
[2022.12.12-16.55.07:032][  0]LogD3D11RHI:     AdapterLuid : 0 60704
[2022.12.12-16.55.07:135][  0]LogD3D11RHI: RHI does not have support for 64 bit atomics
[2022.12.12-16.55.07:138][  0]LogD3D11RHI: Async texture creation enabled
[2022.12.12-16.55.07:190][  0]LogD3D11RHI: GPU Timing Frequency: 1000.000000 (Debug: 2 1)
[2022.12.12-16.55.07:265][  0]LogRHI: GeForceNow SDK initialized: 1
[2022.12.12-16.55.07:844][  0]LogTargetPlatformManager: Display: Loaded TargetPlatform 'AllDesktop'
[2022.12.12-16.55.07:881][  0]LogTargetPlatformManager: Display: Loaded TargetPlatform 'Android'
[2022.12.12-16.55.07:881][  0]LogTargetPlatformManager: Display: Loaded TargetPlatform 'Android_ASTC'
[2022.12.12-16.55.07:881][  0]LogTargetPlatformManager: Display: Loaded TargetPlatform 'Android_DXT'
[2022.12.12-16.55.07:881][  0]LogTargetPlatformManager: Display: Loaded TargetPlatform 'Android_ETC2'
[2022.12.12-16.55.07:881][  0]LogTargetPlatformManager: Display: Loaded TargetPlatform 'AndroidClient'
[2022.12.12-16.55.07:881][  0]LogTargetPlatformManager: Display: Loaded TargetPlatform 'Android_ASTCClient'
[2022.12.12-16.55.07:882][  0]LogTargetPlatformManager: Display: Loaded TargetPlatform 'Android_DXTClient'
[2022.12.12-16.55.07:882][  0]LogTargetPlatformManager: Display: Loaded TargetPlatform 'Android_ETC2Client'
[2022.12.12-16.55.07:882][  0]LogTargetPlatformManager: Display: Loaded TargetPlatform 'Android_Multi'
[2022.12.12-16.55.07:882][  0]LogTargetPlatformManager: Display: Loaded TargetPlatform 'Android_MultiClient'
[2022.12.12-16.55.07:922][  0]LogTargetPlatformManager: Display: Loaded TargetPlatform 'IOSClient'
[2022.12.12-16.55.07:922][  0]LogTargetPlatformManager: Display: Loaded TargetPlatform 'IOS'
[2022.12.12-16.55.07:943][  0]LogTargetPlatformManager: Display: Loaded TargetPlatform 'Linux'
[2022.12.12-16.55.07:953][  0]LogTargetPlatformManager: Display: Loaded TargetPlatform 'LinuxNoEditor'
[2022.12.12-16.55.07:963][  0]LogTargetPlatformManager: Display: Loaded TargetPlatform 'LinuxClient'
[2022.12.12-16.55.07:973][  0]LogTargetPlatformManager: Display: Loaded TargetPlatform 'LinuxServer'
[2022.12.12-16.55.07:991][  0]LogTargetPlatformManager: Display: Loaded TargetPlatform 'LinuxAArch64NoEditor'
[2022.12.12-16.55.08:001][  0]LogTargetPlatformManager: Display: Loaded TargetPlatform 'LinuxAArch64Client'
[2022.12.12-16.55.08:011][  0]LogTargetPlatformManager: Display: Loaded TargetPlatform 'LinuxAArch64Server'
[2022.12.12-16.55.08:057][  0]LogTargetPlatformManager: Display: Loaded TargetPlatform 'Lumin'
[2022.12.12-16.55.08:057][  0]LogTargetPlatformManager: Display: Loaded TargetPlatform 'LuminClient'
[2022.12.12-16.55.08:075][  0]LogTargetPlatformManager: Display: Loaded TargetPlatform 'MacNoEditor'
[2022.12.12-16.55.08:085][  0]LogTargetPlatformManager: Display: Loaded TargetPlatform 'Mac'
[2022.12.12-16.55.08:094][  0]LogTargetPlatformManager: Display: Loaded TargetPlatform 'MacClient'
[2022.12.12-16.55.08:102][  0]LogTargetPlatformManager: Display: Loaded TargetPlatform 'MacServer'
[2022.12.12-16.55.08:119][  0]LogTargetPlatformManager: Display: Loaded TargetPlatform 'TVOSClient'
[2022.12.12-16.55.08:119][  0]LogTargetPlatformManager: Display: Loaded TargetPlatform 'TVOS'
[2022.12.12-16.55.08:137][  0]LogTargetPlatformManager: Display: Loaded TargetPlatform 'WindowsNoEditor'
[2022.12.12-16.55.08:146][  0]LogTargetPlatformManager: Display: Loaded TargetPlatform 'Windows'
[2022.12.12-16.55.08:157][  0]LogTargetPlatformManager: Display: Loaded TargetPlatform 'WindowsClient'
[2022.12.12-16.55.08:167][  0]LogTargetPlatformManager: Display: Loaded TargetPlatform 'WindowsServer'
[2022.12.12-16.55.08:167][  0]LogTargetPlatformManager: Display: Building Assets For Windows
[2022.12.12-16.55.08:190][  0]LogAudioDebug: Display: Lib vorbis DLL was dynamically loaded.
[2022.12.12-16.55.08:286][  0]LogTextureFormatOodle: Display: Oodle Texture 2.9.0 init RDO Off
[2022.12.12-16.55.08:450][  0]LogRendererCore: Ray tracing is disabled. Reason: r.RayTracing=0.
[2022.12.12-16.55.08:452][  0]LogShaderCompilers: Guid format shader working directory is -61 characters bigger than the processId version (../../../../../../Users/5926004155/OneDrive - School Board of Seminole County/Documents/GameDesign5/GameDesign5/Intermediate/Shaders/WorkingDirectory/10988/).
[2022.12.12-16.55.08:452][  0]LogShaderCompilers: Cleaned the shader compiler working directory 'C:/Users/5926004155/AppData/Local/Temp/UnrealShaderWorkingDir/0CF2DBA04C7CB9D4E91D54AE11710F4E/'.
[2022.12.12-16.55.08:454][  0]LogXGEController: Cannot use XGE Controller as Incredibuild is not installed on this machine.
[2022.12.12-16.55.08:454][  0]LogShaderCompilers: Cannot use XGE Shader Compiler as Incredibuild is not installed on this machine.
[2022.12.12-16.55.08:454][  0]LogShaderCompilers: Display: Using Local Shader Compiler.
[2022.12.12-16.55.13:110][  0]LogDerivedDataCache: Display: Max Cache Size: 512 MB
[2022.12.12-16.55.13:395][  0]LogDerivedDataCache: Loaded boot cache 0.28s 94MB C:/Users/5926004155/AppData/Local/UnrealEngine/4.27/DerivedDataCache/Boot.ddc.
[2022.12.12-16.55.13:395][  0]LogDerivedDataCache: Display: Loaded Boot cache: C:/Users/5926004155/AppData/Local/UnrealEngine/4.27/DerivedDataCache/Boot.ddc
[2022.12.12-16.55.13:395][  0]LogDerivedDataCache: FDerivedDataBackendGraph:  Pak pak cache file ../../../../../../Users/5926004155/OneDrive - School Board of Seminole County/Documents/GameDesign5/GameDesign5/DerivedDataCache/DDC.ddp not found, will not use a pak cache.
[2022.12.12-16.55.13:395][  0]LogDerivedDataCache: Unable to find inner node Pak for hierarchical cache Hierarchy.
[2022.12.12-16.55.13:395][  0]LogDerivedDataCache: FDerivedDataBackendGraph:  CompressedPak pak cache file ../../../../../../Users/5926004155/OneDrive - School Board of Seminole County/Documents/GameDesign5/GameDesign5/DerivedDataCache/Compressed.ddp not found, will not use a pak cache.
[2022.12.12-16.55.13:395][  0]LogDerivedDataCache: Unable to find inner node CompressedPak for hierarchical cache Hierarchy.
[2022.12.12-16.55.13:444][  0]LogDerivedDataCache: Display: Pak cache opened for reading ../../../Engine/DerivedDataCache/Compressed.ddp.
[2022.12.12-16.55.13:445][  0]LogDerivedDataCache: FDerivedDataBackendGraph:  EnterprisePak pak cache file ../../../Enterprise/DerivedDataCache/Compressed.ddp not found, will not use a pak cache.
[2022.12.12-16.55.13:445][  0]LogDerivedDataCache: Unable to find inner node EnterprisePak for hierarchical cache Hierarchy.
[2022.12.12-16.55.13:474][  0]LogDerivedDataCache: Speed tests for C:/Users/5926004155/AppData/Local/UnrealEngine/Common/DerivedDataCache took 0.03 seconds
[2022.12.12-16.55.13:474][  0]LogDerivedDataCache: Display: Performance to C:/Users/5926004155/AppData/Local/UnrealEngine/Common/DerivedDataCache: Latency=0.35ms. RandomReadSpeed=70.71MBs, RandomWriteSpeed=82.23MBs. Assigned SpeedClass 'Local'
[2022.12.12-16.55.13:475][  0]LogDerivedDataCache: Using Local data cache path C:/Users/5926004155/AppData/Local/UnrealEngine/Common/DerivedDataCache: Writable
[2022.12.12-16.55.13:475][  0]LogDerivedDataCache: Shared data cache path not found in *engine.ini, will not use an Shared cache.
[2022.12.12-16.55.13:475][  0]LogDerivedDataCache: Unable to find inner node Shared for hierarchical cache Hierarchy.
[2022.12.12-16.55.13:546][  0]LogSlate: Using FreeType 2.10.0
[2022.12.12-16.55.13:577][  0]LogSlate: SlateFontServices - WITH_FREETYPE: 1, WITH_HARFBUZZ: 1
[2022.12.12-16.55.13:683][  0]LogAssetRegistry: FAssetRegistry took 0.0111 seconds to start up
[2022.12.12-16.55.14:513][  0]LogInit: Selected Device Profile: [Windows]
[2022.12.12-16.55.14:513][  0]LogInit: Active device profile: [000001B0E5AC7A00][000001B0DE907440 49] Windows
[2022.12.12-16.55.14:513][  0]LogInit: Profiles: [000001B0E5AC7A00][000001B0DE907440 49] Windows, [000001B0E5A84600][000001B0DE90F700 49] WindowsNoEditor, [000001B0E5AC4600][000001B0DE9139C0 49] WindowsServer, [000001B0E5A87500][000001B0DE916100 49] WindowsClient, [000001B0E5AC7400][000001B0DE91A3C0 49] IOS, [000001B0E5A84E00][000001B0DE91E680 49] iPadAir, [000001B0E5AC4D00][000001B0DE922940 49] iPadAir2, [000001B0E5A28400][000001B0DE936E80 49] IPadPro, [000001B0E5A28500][000001B0DE926EC0 49] iPadAir3, [000001B0E5AC6E00][000001B0DE92F180 49] iPadAir4, [000001B0E5A2B700][000001B0DE90B400 49] iPadMini2, [000001B0E5AC4F00][000001B0DE92B680 49] iPadMini3, [000001B0E5A29500][000001B0DE93B940 49] iPadMini4, [000001B0E5AC6800][000001B0DE93FC00 49] iPadMini5, [000001B0E5A23C00][000001B0DE9525C0 49] iPhone6, [000001B0E5A23D00][000001B0DE942600 49] iPodTouch6, [000001B0E5A2B200][000001B0E61E6B40 49] iPhone7, [000001B0E5A2AF00][000001B0DE94AB80 49] iPodTouch7, [000001B0E5A20C00][000001B0DE94EE40 49] iPhone5S, [000001B0E5A2A700][000001B0DE947100 49] iPhone6Plus, [000001B0E5A23000][000001B0E61E33C0 49] iPhone6S, [000001B0E5A28E00][000001B0DE933640 49] iPhone6SPlus, [000001B0E5A21200][000001B0E61EB8C0 49] iPhone7Plus, [000001B0E5A2A400][000001B0E61F3B80 49] iPhoneSE, [000001B0E5A22A00][000001B0E61F62C0 49] iPhone8, [000001B0E5A2A100][000001B0E61FA580 49] iPhone8Plus, [000001B0E5A21800][000001B0E61FE840 49] iPhoneX, [000001B0E5A28900][000001B0E6202B00 49] iPhoneXS, [000001B0E5A22400][000001B0E6206DC0 49] iPhoneXSMax, [000001B0E5A29700][000001B0E620B080 49] iPhoneXR, [000001B0E5A20800][000001B0E620F340 49] iPhone11, [000001B0E5A2AC00][000001B0E6213600 49] iPhone11Pro, [000001B0E5A23600][000001B0E61EF880 49] iPhone11ProMax, [000001B0E5A2B500][000001B0E6217B00 49] iPhoneSE2, [000001B0E5A23E00][000001B0E621E240 49] iPhone12Mini, [000001B0E5A2B100][000001B0E6222500 49] iPhone12, [000001B0E5A20400][000001B0E62267C0 49] iPhone12Pro, [000001B0E5A29C00][000001B0E622AA80 49] iPhone12ProMax, [000001B0E5A22800][000001B0E622ED40 49] iPadPro105, [000001B0E5A2BD00][000001B0E6233000 49] iPadPro129, [000001B0E5A22500][000001B0E62372C0 49] iPadPro97, [000001B0E5A2B000][000001B0E623B580 49] iPadPro2_129, [000001B0E5A22E00][000001B0E623F840 49] iPad5, [000001B0E5A28F00][000001B0E621BAC0 49] iPad6, [000001B0E5A23B00][000001B0E62421C0 49] iPad7, [000001B0E5A2BC00][000001B0E62BA480 49] iPad8, [000001B0E5A20700][000001B0E6340740 49] iPadPro11, [000001B0E5A29900][000001B0DFDAAA00 49] iPadPro2_11, [000001B0E5A20100][000001B0DFA8ECC0 49] iPadPro3_129, [000001B0E5A2B600][000001B0D75F2F80 49] iPadPro4_129, [000001B0E5A21400][000001B0D75F7240 49] AppleTV, [000001B0E5A2A600][000001B0D75FB500 49] AppleTV4K, [000001B0E5A21100][000001B0D76037C0 49] TVOS, [000001B0E5A2A300][000001B0D760BA80 49] Mac, [000001B0E5A23800][000001B0E62B6180 49] MacClient, [000001B0E5A2BB00][000001B0D760E400 49] MacNoEditor, [000001B0E5A23F00][000001B0D76166C0 49] MacServer, [000001B0E5A29400][000001B0D761A980 49] Linux, [000001B0E5A23200][000001B0E3C06C40 49] LinuxAArch64, [000001B0E5A29000][000001B0E3C0AF00 49] LinuxNoEditor, [000001B0E5A21B00][000001B0E3C0F1C0 49] LinuxAArch64NoEditor, [000001B0E5A29300][000001B0E3C13480 49] LinuxClient, [000001B0E5A20B00][000001B0E3C17740 49] LinuxAArch64Client, [000001B0E5A29A00][000001B0E3C1BA00 49] LinuxServer, [000001B0E5A23100][000001B0E3C1E140 49] LinuxAArch64Server, [000001B0E5A2A200][000001B0D76123C0 49] Android, [000001B0E5A21D00][000001B0E3C22640 49] Android_Low, [000001B0E5B16400][000001B0E3C2A900 49] Android_Mid, [000001B0E5A87000][000001B0E3C2EBC0 49] Android_High, [000001B0E5B14B00][000001B0E3C32E80 49] Android_Default, [000001B0E5A86500][000001B0E3C37140 49] Android_Adreno4xx, [000001B0E5B14200][000001B0E3C3B400 49] Android_Adreno5xx_Low, [000001B0E5A84D00][000001B0E67536C0 49] Android_Adreno5xx, [000001B0E5B16800][000001B0E6757980 49] Android_Adreno6xx, [000001B0E5A84700][000001B0E675A0C0 49] Android_Adreno6xx_Vulkan, [000001B0E5B14E00][000001B0E675E380 49] Android_Mali_T6xx, [000001B0E5A85300][000001B0E3C26600 49] Android_Mali_T7xx, [000001B0E5B16200][000001B0E67668C0 49] Android_Mali_T8xx, [000001B0E5A87100][000001B0E676AB80 49] Android_Mali_G71, [000001B0E5B16000][000001B0E676EE40 49] Android_Mali_G72, [000001B0E5A86800][000001B0E6773100 49] Android_Mali_G72_Vulkan, [000001B0E5B16600][000001B0E67773C0 49] Android_Mali_G76, [000001B0E5A85E00][000001B0E677B680 49] Android_Mali_G76_Vulkan, [000001B0E5B15D00][000001B0E677F940 49] Android_Mali_G77, [000001B0E5A87300][000001B0E6783C00 49] Android_Mali_G77_Vulkan, [000001B0E5B15100][000001B0E6786340 49] Android_Mali_G78, [000001B0E5A85C00][000001B0E67625C0 49] Android_Mali_G78_Vulkan, [000001B0E5B15800][000001B0E678A840 49] Android_Mali_G710, [000001B0E5A84200][000001B0E6792B00 49] Android_Mali_G710_Vulkan, [000001B0E5B14F00][000001B0E6796DC0 49] Android_Vulkan_SM5, [000001B0E5A87F00][000001B0E679B080 49] Android_PowerVR_G6xxx, [000001B0E5B14D00][000001B0DFA93340 49] Android_PowerVR_GT7xxx, [000001B0E5A84300][000001B0DFA97600 49] Android_PowerVR_GE8xxx, [000001B0E5B14100][000001B0DFA9B8C0 49] Android_PowerVR_GM9xxx, [000001B0E5A85800][000001B0DFA9FB80 49] Android_PowerVR_GM9xxx_Vulkan, [000001B0E5A28700][000001B0DFAA22C0 49] Android_TegraK1, [000001B0E5A85F00][000001B0DFAA6580 49] Android_Unknown_Vulkan, [000001B0E5A28200][000001B0E678E800 49] Lumin, [000001B0E5A84F00][000001B0DFAAAA80 49] Lumin_Desktop, [000001B0E5A2A500][000001B0DFAB2D40 49] HoloLens, 
[2022.12.12-16.55.15:004][  0]LogMeshReduction: Using QuadricMeshReduction for automatic static mesh reduction
[2022.12.12-16.55.15:004][  0]LogMeshReduction: Using SimplygonMeshReduction for automatic skeletal mesh reduction
[2022.12.12-16.55.15:004][  0]LogMeshReduction: Using ProxyLODMeshReduction for automatic mesh merging
[2022.12.12-16.55.15:004][  0]LogMeshReduction: No distributed automatic mesh merging module available
[2022.12.12-16.55.15:005][  0]LogMeshMerging: No distributed automatic mesh merging module available
[2022.12.12-16.55.15:118][  0]LogNetVersion: GameDesign5 1.0.0, NetCL: 17155196, EngineNetVer: 17, GameNetVer: 0 (Checksum: 2682173852)
[2022.12.12-16.55.17:381][  0]LogTexture: Default maximum texture size for cubemaps generated from long-lat sources has been changed from 512 to unlimited. In order to preserve old behaiour for '/Engine/MapTemplates/Sky/DaylightAmbientCubemap.DaylightAmbientCubemap', its maximum texture size has been explicitly set to 512.
[2022.12.12-16.55.17:630][  0]LogHMD: PokeAHoleMaterial loaded successfully
[2022.12.12-16.55.17:643][  0]LogUObjectArray: 17178 objects as part of root set at end of initial load.
[2022.12.12-16.55.17:644][  0]LogUObjectAllocator: 4302048 out of 0 bytes used by permanent object pool.
[2022.12.12-16.55.17:644][  0]LogUObjectArray: CloseDisregardForGC: 0/0 objects in disregard for GC pool
[2022.12.12-16.55.18:830][  0]LogPython: Using Python 3.7.7
[2022.12.12-16.55.20:002][  0]LogNiagaraDebuggerClient: Niagara Debugger Client Initialized | Session: 6429CD004A9AF904079DF5A289E6DAA9 | Instance: 5EFCADAD47D76C857A48FA81158F6BC3 (CAIT-2UA43921KJ-10988).
[2022.12.12-16.55.20:531][  0]LogTcpMessaging: Initializing TcpMessaging bridge
[2022.12.12-16.55.20:543][  0]LogUdpMessaging: Initializing bridge on interface 0.0.0.0:0 to multicast group 230.0.0.1:6666.
[2022.12.12-16.55.21:037][  0]SourceControl: Source control is disabled
[2022.12.12-16.55.21:037][  0]SourceControl: Source control is disabled
[2022.12.12-16.55.21:055][  0]SourceControl: Source control is disabled
[2022.12.12-16.55.21:067][  0]SourceControl: Source control is disabled
[2022.12.12-16.55.21:099][  0]SourceControl: Source control is disabled
[2022.12.12-16.55.21:105][  0]LogUProjectInfo: Found projects:
[2022.12.12-16.55.21:117][  0]LogVSAccessor: Display: Unable to create Visual Studio setup instance: 80040154
[2022.12.12-16.55.21:118][  0]LogVSAccessor: Display: Unable to create Visual Studio setup instance: 80040154
[2022.12.12-16.55.21:118][  0]LogVSAccessor: Display: Unable to create Visual Studio setup instance: 80040154
[2022.12.12-16.55.21:822][  0]LogOpenImageDenoise: OIDN starting up
[2022.12.12-16.55.21:951][  0]LogAndroidPermission: UAndroidPermissionCallbackProxy::GetInstance
[2022.12.12-16.55.21:997][  0]LogAudioCaptureCore: Display: No Audio Capture implementations found. Audio input will be silent.
[2022.12.12-16.55.21:997][  0]LogAudioCaptureCore: Display: No Audio Capture implementations found. Audio input will be silent.
[2022.12.12-16.55.22:622][  0]LogCollectionManager: Loaded 0 collections in 0.003070 seconds
[2022.12.12-16.55.22:706][  0]LogFileCache: Scanning file cache for directory 'C:/Users/5926004155/OneDrive - School Board of Seminole County/Documents/GameDesign5/GameDesign5/Saved/Collections/' took 0.00s
[2022.12.12-16.55.22:706][  0]LogFileCache: Scanning file cache for directory 'C:/Users/5926004155/OneDrive - School Board of Seminole County/Documents/GameDesign5/GameDesign5/Content/Developers/5926004155/Collections/' took 0.00s
[2022.12.12-16.55.22:706][  0]LogFileCache: Scanning file cache for directory 'C:/Users/5926004155/OneDrive - School Board of Seminole County/Documents/GameDesign5/GameDesign5/Content/Collections/' took 0.00s
[2022.12.12-16.55.22:706][  0]LogOcInput: OculusInput pre-init called
[2022.12.12-16.55.23:416][  0]LogEngine: Initializing Engine...
[2022.12.12-16.55.23:437][  0]LogHMD: Failed to enumerate extensions. Please check that you have a valid OpenXR runtime installed.
[2022.12.12-16.55.23:438][  0]LogHMD: Failed to initialize OpenVR with code 110
[2022.12.12-16.55.23:439][  0]LogMagicLeap: Warning: VR disabled because ZI is not enabled.  To enable, in the editor, Edit -> Project Settings -> Plugins -> Magic Leap Plugin -> Enable Zero Iteration
[2022.12.12-16.55.23:450][  0]LogStats: UGameplayTagsManager::InitializeManager -  0.002 s
[2022.12.12-16.55.23:923][  0]LogInit: Initializing FReadOnlyCVARCache
[2022.12.12-16.55.24:011][  0]LogAIModule: Creating AISystem for world Untitled
[2022.12.12-16.55.24:028][  0]LogAudio: Display: Initializing Audio Device Manager...
[2022.12.12-16.55.24:035][  0]LogAudio: Display: Loading Default Audio Settings Objects...
[2022.12.12-16.55.24:043][  0]LogAudio: Display: No default SoundConcurrencyObject specified (or failed to load).
[2022.12.12-16.55.24:047][  0]LogAudio: Display: Audio Device Manager Initialized
[2022.12.12-16.55.24:047][  0]LogAudio: Display: Creating Audio Device:                 Id: 1, Scope: Shared, Realtime: True
[2022.12.12-16.55.24:050][  0]LogAudioMixer: Display: Audio Mixer Platform Settings:
[2022.12.12-16.55.24:050][  0]LogAudioMixer: Display: 	Sample Rate:						  48000
[2022.12.12-16.55.24:050][  0]LogAudioMixer: Display: 	Callback Buffer Frame Size Requested: 1024
[2022.12.12-16.55.24:050][  0]LogAudioMixer: Display: 	Callback Buffer Frame Size To Use:	  1024
[2022.12.12-16.55.24:050][  0]LogAudioMixer: Display: 	Number of buffers to queue:			  2
[2022.12.12-16.55.24:050][  0]LogAudioMixer: Display: 	Max Channels (voices):				  32
[2022.12.12-16.55.24:050][  0]LogAudioMixer: Display: 	Number of Async Source Workers:		  0
[2022.12.12-16.55.24:050][  0]LogAudio: Display: AudioDevice MaxSources: 32
[2022.12.12-16.55.24:055][  0]LogAudio: Display: Audio Spatialization Plugin: None (built-in).
[2022.12.12-16.55.24:055][  0]LogAudio: Display: Audio Reverb Plugin: None (built-in).
[2022.12.12-16.55.24:055][  0]LogAudio: Display: Audio Occlusion Plugin: None (built-in).
[2022.12.12-16.55.24:056][  0]LogAudioMixer: Display: Initializing audio mixer.
[2022.12.12-16.55.24:105][  0]LogAudioMixer: Display: 0: FrontLeft
[2022.12.12-16.55.24:105][  0]LogAudioMixer: Display: 1: FrontRight
[2022.12.12-16.55.24:160][  0]LogAudioMixer: Display: Using Audio Device Speakers (Realtek High Definition Audio)
[2022.12.12-16.55.24:164][  0]LogAudioMixer: Display: Initializing Sound Submixes...
[2022.12.12-16.55.24:199][  0]LogAudioMixer: Display: Creating Master Submix 'MasterSubmixDefault'
[2022.12.12-16.55.24:199][  0]LogAudioMixer: Display: Creating Master Submix 'MasterReverbSubmixDefault'
[2022.12.12-16.55.24:202][  0]LogAudioMixer: Display: Creating Master Submix 'MasterEQSubmixDefault'
[2022.12.12-16.55.24:203][  0]LogAudioMixer: FMixerPlatformXAudio2::StartAudioStream() called
[2022.12.12-16.55.24:203][  0]LogAudioMixer: Display: Output buffers initialized: Frames=1024, Channels=2, Samples=2048
[2022.12.12-16.55.24:204][  0]LogAudioMixer: Display: Starting AudioMixerPlatformInterface::RunInternal()
[2022.12.12-16.55.24:204][  0]LogAudioMixer: Display: FMixerPlatformXAudio2::SubmitBuffer() called for the first time
[2022.12.12-16.55.24:204][  0]LogInit: FAudioDevice initialized.
[2022.12.12-16.55.24:207][  0]LogAudio: Display: Audio Device (ID: 1) registered with world 'Untitled'.
[2022.12.12-16.55.24:208][  0]LogNetVersion: Set ProjectVersion to 1.0.0.0. Version Checksum will be recalculated on next use.
[2022.12.12-16.55.24:309][  0]LogDerivedDataCache: Saved boot cache 0.10s 94MB C:/Users/5926004155/AppData/Local/UnrealEngine/4.27/DerivedDataCache/Boot.ddc.
[2022.12.12-16.55.24:310][  0]LogInit: Texture streaming: Enabled
[2022.12.12-16.55.24:338][  0]LogAnalytics: Display: [UEEditor.Rocket.Release] APIServer = https://datarouter.ol.epicgames.com/. AppVersion = 4.27.2-18319896+++UE4+Release-4.27
[2022.12.12-16.55.24:348][  0]LogEngineSessionManager: EngineSessionManager initialized
[2022.12.12-16.55.24:348][  0]LogEngineSessionManager: EngineSessionManager sent abnormal shutdown report. Type=AbnormalShutdown, SessionId={CF77EAC0-406F-F980-24D2-519A93C57ADA}
[2022.12.12-16.55.24:349][  0]LogEditorSessionSummary: Verbose: Initializing EditorSessionSummaryWriter for editor session tracking
[2022.12.12-16.55.24:354][  0]LogEditorSessionSummary: EditorSessionSummaryWriter initialized
[2022.12.12-16.55.24:416][  0]LogInit: Transaction tracking system initialized
[2022.12.12-16.55.24:490][  0]BlueprintLog: New page: Editor Load
[2022.12.12-16.55.24:745][  0]LocalizationService: Localization service is disabled
[2022.12.12-16.55.25:075][  0]TimingProfiler: Initialize
[2022.12.12-16.55.25:078][  0]TimingProfiler: OnSessionChanged
[2022.12.12-16.55.25:079][  0]LoadingProfiler: Initialize
[2022.12.12-16.55.25:079][  0]LoadingProfiler: OnSessionChanged
[2022.12.12-16.55.25:079][  0]NetworkingProfiler: Initialize
[2022.12.12-16.55.25:080][  0]NetworkingProfiler: OnSessionChanged
[2022.12.12-16.55.25:080][  0]MemoryProfiler: Initialize
[2022.12.12-16.55.25:081][  0]MemoryProfiler: OnSessionChanged
[2022.12.12-16.55.25:250][  0]LogVSAccessor: Display: Unable to create Visual Studio setup instance: 80040154
[2022.12.12-16.55.25:251][  0]LogVSAccessor: Display: Unable to create Visual Studio setup instance: 80040154
[2022.12.12-16.55.25:252][  0]LogVSAccessor: Display: Unable to create Visual Studio setup instance: 80040154
[2022.12.12-16.55.25:809][  0]LogCook: Display: CookSettings for Memory: MemoryMaxUsedVirtual 0MiB, MemoryMaxUsedPhysical 16384MiB, MemoryMinFreeVirtual 0MiB, MemoryMinFreePhysical 1024MiB
[2022.12.12-16.55.25:809][  0]LogCook: Display: Mobile HDR setting 0
[2022.12.12-16.55.26:403][  0]LogFileCache: Scanning file cache for directory 'C:/Users/5926004155/OneDrive - School Board of Seminole County/Documents/GameDesign5/GameDesign5/Content/' took 0.01s
[2022.12.12-16.55.26:748][  0]LogInit: Display: Engine is initialized. Leaving FEngineLoop::Init()
[2022.12.12-16.55.26:764][  0]SourceControl: Source control is disabled
[2022.12.12-16.55.26:933][  0]LogSlate: Took 0.007149 seconds to synchronously load lazily loaded font '../../../Engine/Content/Slate/Fonts/Roboto-Regular.ttf' (155K)
[2022.12.12-16.55.33:124][  0]LogSlate: Window 'Restore Packages' being destroyed
[2022.12.12-16.55.33:125][  0]LogWindowsTextInputMethodSystem: Display: IME system deactivated.
[2022.12.12-16.55.33:143][  0]LogUnrealEdMisc: Loading editor; pre map load, took 39.465
[2022.12.12-16.55.33:184][  0]LightingResults: New page: Lighting Build
[2022.12.12-16.55.33:205][  0]LogWorld: UWorld::CleanupWorld for Untitled, bSessionEnded=true, bCleanupResources=true
[2022.12.12-16.55.33:212][  0]LogSlate: InvalidateAllWidgets triggered.  All widgets were invalidated
[2022.12.12-16.55.33:218][  0]MapCheck: New page: Map Check
[2022.12.12-16.55.33:218][  0]LightingResults: New page: Lighting Build
[2022.12.12-16.55.33:249][  0]LogAudio: Display: Audio Device unregistered from world 'None'.
[2022.12.12-16.55.33:283][  0]LogUObjectHash: Compacting FUObjectHashTables data took   1.56ms
[2022.12.12-16.55.33:766][  0]LogAudio: Display: Audio Device (ID: 1) registered with world '2DSideScrollerExampleMap'.
[2022.12.12-16.55.33:768][  0]LogAIModule: Creating AISystem for world 2DSideScrollerExampleMap
[2022.12.12-16.55.33:822][  0]LogEditorServer: Finished looking for orphan Actors (0.000 secs)
[2022.12.12-16.55.33:848][  0]LogUObjectHash: Compacting FUObjectHashTables data took   1.19ms
[2022.12.12-16.55.33:852][  0]Cmd: MAP CHECKDEP NOCLEARLOG
[2022.12.12-16.55.33:853][  0]MapCheck: Map check complete: 0 Error(s), 0 Warning(s), took 0.737ms to complete.
[2022.12.12-16.55.33:853][  0]LogFileHelpers: Loading map '2DSideScrollerExampleMap' took 0.709
[2022.12.12-16.55.33:936][  0]LogUnrealEdMisc: Total Editor Startup Time, took 40.258
[2022.12.12-16.55.33:955][  0]LogWindowsTextInputMethodSystem: Display: IME system deactivated.
[2022.12.12-16.55.34:120][  0]LogSlate: Updating window title bar state: overlay mode, drag disabled, window buttons hidden, title bar hidden
[2022.12.12-16.55.34:129][  0]LogSlate: Updating window title bar state: overlay mode, drag disabled, window buttons hidden, title bar hidden
[2022.12.12-16.55.34:136][  0]LogSlate: Updating window title bar state: overlay mode, drag disabled, window buttons hidden, title bar hidden
[2022.12.12-16.55.34:143][  0]LogSlate: Updating window title bar state: overlay mode, drag disabled, window buttons hidden, title bar hidden
[2022.12.12-16.55.34:212][  0]LogNativeClassHierarchy: Verbose: Native class hierarchy populated in 0.0114 seconds. Added 3822 classes and 928 folders.
[2022.12.12-16.55.34:233][  0]LogNativeClassHierarchy: Verbose: Native class hierarchy updated for 'WidgetCarousel' in 0.0004 seconds. Added 0 classes and 0 folders.
[2022.12.12-16.55.34:258][  0]LogPakFile: PakFile PrimaryIndexSize=187
[2022.12.12-16.55.34:258][  0]LogPakFile: PakFile PathHashIndexSize=101
[2022.12.12-16.55.34:258][  0]LogPakFile: PakFile FullDirectoryIndexSize=148
[2022.12.12-16.55.34:259][  0]LogShaderLibrary: Display: ShaderCodeLibraryPakFileMountedCallback: PakFile 'C:/Program Files/Epic Games/UE_4.27/FeaturePacks/FP_FirstPerson.upack' (chunk index -1, root 'root:/') mounted
[2022.12.12-16.55.34:259][  0]LogShaderLibrary: Display: ShaderCodeLibraryPakFileMountedCallback: pending pak file info (ChunkID:-1 Root:root:/ File:C:/Program Files/Epic Games/UE_4.27/FeaturePacks/FP_FirstPerson.upack)
[2022.12.12-16.55.34:260][  0]LogPakFile: OnPakFileMounted2Time == 0.002498
[2022.12.12-16.55.34:278][  0]LogPakFile: PakFile PrimaryIndexSize=189
[2022.12.12-16.55.34:278][  0]LogPakFile: PakFile PathHashIndexSize=101
[2022.12.12-16.55.34:278][  0]LogPakFile: PakFile FullDirectoryIndexSize=152
[2022.12.12-16.55.34:278][  0]LogShaderLibrary: Display: ShaderCodeLibraryPakFileMountedCallback: PakFile 'C:/Program Files/Epic Games/UE_4.27/FeaturePacks/FP_FirstPersonBP.upack' (chunk index -1, root 'root:/') mounted
[2022.12.12-16.55.34:278][  0]LogShaderLibrary: Display: ShaderCodeLibraryPakFileMountedCallback: pending pak file info (ChunkID:-1 Root:root:/ File:C:/Program Files/Epic Games/UE_4.27/FeaturePacks/FP_FirstPersonBP.upack)
[2022.12.12-16.55.34:278][  0]LogPakFile: OnPakFileMounted2Time == 0.000069
[2022.12.12-16.55.34:291][  0]LogPakFile: PakFile PrimaryIndexSize=191
[2022.12.12-16.55.34:291][  0]LogPakFile: PakFile PathHashIndexSize=101
[2022.12.12-16.55.34:291][  0]LogPakFile: PakFile FullDirectoryIndexSize=160
[2022.12.12-16.55.34:291][  0]LogShaderLibrary: Display: ShaderCodeLibraryPakFileMountedCallback: PakFile 'C:/Program Files/Epic Games/UE_4.27/FeaturePacks/MobileStarterContent.upack' (chunk index -1, root 'root:/') mounted
[2022.12.12-16.55.34:291][  0]LogShaderLibrary: Display: ShaderCodeLibraryPakFileMountedCallback: pending pak file info (ChunkID:-1 Root:root:/ File:C:/Program Files/Epic Games/UE_4.27/FeaturePacks/MobileStarterContent.upack)
[2022.12.12-16.55.34:291][  0]LogPakFile: OnPakFileMounted2Time == 0.000043
[2022.12.12-16.55.34:301][  0]LogPakFile: PakFile PrimaryIndexSize=185
[2022.12.12-16.55.34:301][  0]LogPakFile: PakFile PathHashIndexSize=101
[2022.12.12-16.55.34:301][  0]LogPakFile: PakFile FullDirectoryIndexSize=148
[2022.12.12-16.55.34:301][  0]LogShaderLibrary: Display: ShaderCodeLibraryPakFileMountedCallback: PakFile 'C:/Program Files/Epic Games/UE_4.27/FeaturePacks/StarterContent.upack' (chunk index -1, root 'root:/') mounted
[2022.12.12-16.55.34:301][  0]LogShaderLibrary: Display: ShaderCodeLibraryPakFileMountedCallback: pending pak file info (ChunkID:-1 Root:root:/ File:C:/Program Files/Epic Games/UE_4.27/FeaturePacks/StarterContent.upack)
[2022.12.12-16.55.34:301][  0]LogPakFile: OnPakFileMounted2Time == 0.000050
[2022.12.12-16.55.34:313][  0]LogPakFile: PakFile PrimaryIndexSize=190
[2022.12.12-16.55.34:313][  0]LogPakFile: PakFile PathHashIndexSize=101
[2022.12.12-16.55.34:313][  0]LogPakFile: PakFile FullDirectoryIndexSize=154
[2022.12.12-16.55.34:313][  0]LogShaderLibrary: Display: ShaderCodeLibraryPakFileMountedCallback: PakFile 'C:/Program Files/Epic Games/UE_4.27/FeaturePacks/TP_2DSideScroller.upack' (chunk index -1, root 'root:/') mounted
[2022.12.12-16.55.34:313][  0]LogShaderLibrary: Display: ShaderCodeLibraryPakFileMountedCallback: pending pak file info (ChunkID:-1 Root:root:/ File:C:/Program Files/Epic Games/UE_4.27/FeaturePacks/TP_2DSideScroller.upack)
[2022.12.12-16.55.34:313][  0]LogPakFile: OnPakFileMounted2Time == 0.000047
[2022.12.12-16.55.34:322][  0]LogPakFile: PakFile PrimaryIndexSize=192
[2022.12.12-16.55.34:322][  0]LogPakFile: PakFile PathHashIndexSize=101
[2022.12.12-16.55.34:322][  0]LogPakFile: PakFile FullDirectoryIndexSize=158
[2022.12.12-16.55.34:322][  0]LogShaderLibrary: Display: ShaderCodeLibraryPakFileMountedCallback: PakFile 'C:/Program Files/Epic Games/UE_4.27/FeaturePacks/TP_2DSideScrollerBP.upack' (chunk index -1, root 'root:/') mounted
[2022.12.12-16.55.34:322][  0]LogShaderLibrary: Display: ShaderCodeLibraryPakFileMountedCallback: pending pak file info (ChunkID:-1 Root:root:/ File:C:/Program Files/Epic Games/UE_4.27/FeaturePacks/TP_2DSideScrollerBP.upack)
[2022.12.12-16.55.34:322][  0]LogPakFile: OnPakFileMounted2Time == 0.000048
[2022.12.12-16.55.34:334][  0]LogPakFile: PakFile PrimaryIndexSize=182
[2022.12.12-16.55.34:334][  0]LogPakFile: PakFile PathHashIndexSize=101
[2022.12.12-16.55.34:334][  0]LogPakFile: PakFile FullDirectoryIndexSize=138
[2022.12.12-16.55.34:334][  0]LogShaderLibrary: Display: ShaderCodeLibraryPakFileMountedCallback: PakFile 'C:/Program Files/Epic Games/UE_4.27/FeaturePacks/TP_Flying.upack' (chunk index -1, root 'root:/') mounted
[2022.12.12-16.55.34:334][  0]LogShaderLibrary: Display: ShaderCodeLibraryPakFileMountedCallback: pending pak file info (ChunkID:-1 Root:root:/ File:C:/Program Files/Epic Games/UE_4.27/FeaturePacks/TP_Flying.upack)
[2022.12.12-16.55.34:334][  0]LogPakFile: OnPakFileMounted2Time == 0.000055
[2022.12.12-16.55.34:345][  0]LogPakFile: PakFile PrimaryIndexSize=184
[2022.12.12-16.55.34:345][  0]LogPakFile: PakFile PathHashIndexSize=101
[2022.12.12-16.55.34:345][  0]LogPakFile: PakFile FullDirectoryIndexSize=142
[2022.12.12-16.55.34:345][  0]LogShaderLibrary: Display: ShaderCodeLibraryPakFileMountedCallback: PakFile 'C:/Program Files/Epic Games/UE_4.27/FeaturePacks/TP_FlyingBP.upack' (chunk index -1, root 'root:/') mounted
[2022.12.12-16.55.34:345][  0]LogShaderLibrary: Display: ShaderCodeLibraryPakFileMountedCallback: pending pak file info (ChunkID:-1 Root:root:/ File:C:/Program Files/Epic Games/UE_4.27/FeaturePacks/TP_FlyingBP.upack)
[2022.12.12-16.55.34:345][  0]LogPakFile: OnPakFileMounted2Time == 0.000043
[2022.12.12-16.55.34:353][  0]LogPakFile: PakFile PrimaryIndexSize=188
[2022.12.12-16.55.34:353][  0]LogPakFile: PakFile PathHashIndexSize=101
[2022.12.12-16.55.34:353][  0]LogPakFile: PakFile FullDirectoryIndexSize=150
[2022.12.12-16.55.34:353][  0]LogShaderLibrary: Display: ShaderCodeLibraryPakFileMountedCallback: PakFile 'C:/Program Files/Epic Games/UE_4.27/FeaturePacks/TP_HandheldARBP.upack' (chunk index -1, root 'root:/') mounted
[2022.12.12-16.55.34:354][  0]LogShaderLibrary: Display: ShaderCodeLibraryPakFileMountedCallback: pending pak file info (ChunkID:-1 Root:root:/ File:C:/Program Files/Epic Games/UE_4.27/FeaturePacks/TP_HandheldARBP.upack)
[2022.12.12-16.55.34:354][  0]LogPakFile: OnPakFileMounted2Time == 0.000053
[2022.12.12-16.55.34:366][  0]LogPakFile: PakFile PrimaryIndexSize=182
[2022.12.12-16.55.34:366][  0]LogPakFile: PakFile PathHashIndexSize=101
[2022.12.12-16.55.34:366][  0]LogPakFile: PakFile FullDirectoryIndexSize=138
[2022.12.12-16.55.34:366][  0]LogShaderLibrary: Display: ShaderCodeLibraryPakFileMountedCallback: PakFile 'C:/Program Files/Epic Games/UE_4.27/FeaturePacks/TP_Puzzle.upack' (chunk index -1, root 'root:/') mounted
[2022.12.12-16.55.34:366][  0]LogShaderLibrary: Display: ShaderCodeLibraryPakFileMountedCallback: pending pak file info (ChunkID:-1 Root:root:/ File:C:/Program Files/Epic Games/UE_4.27/FeaturePacks/TP_Puzzle.upack)
[2022.12.12-16.55.34:366][  0]LogPakFile: OnPakFileMounted2Time == 0.000055
[2022.12.12-16.55.34:374][  0]LogPakFile: PakFile PrimaryIndexSize=184
[2022.12.12-16.55.34:374][  0]LogPakFile: PakFile PathHashIndexSize=101
[2022.12.12-16.55.34:374][  0]LogPakFile: PakFile FullDirectoryIndexSize=142
[2022.12.12-16.55.34:374][  0]LogShaderLibrary: Display: ShaderCodeLibraryPakFileMountedCallback: PakFile 'C:/Program Files/Epic Games/UE_4.27/FeaturePacks/TP_PuzzleBP.upack' (chunk index -1, root 'root:/') mounted
[2022.12.12-16.55.34:374][  0]LogShaderLibrary: Display: ShaderCodeLibraryPakFileMountedCallback: pending pak file info (ChunkID:-1 Root:root:/ File:C:/Program Files/Epic Games/UE_4.27/FeaturePacks/TP_PuzzleBP.upack)
[2022.12.12-16.55.34:374][  0]LogPakFile: OnPakFileMounted2Time == 0.000048
[2022.12.12-16.55.34:383][  0]LogPakFile: PakFile PrimaryIndexSize=183
[2022.12.12-16.55.34:383][  0]LogPakFile: PakFile PathHashIndexSize=101
[2022.12.12-16.55.34:383][  0]LogPakFile: PakFile FullDirectoryIndexSize=140
[2022.12.12-16.55.34:383][  0]LogShaderLibrary: Display: ShaderCodeLibraryPakFileMountedCallback: PakFile 'C:/Program Files/Epic Games/UE_4.27/FeaturePacks/TP_Rolling.upack' (chunk index -1, root 'root:/') mounted
[2022.12.12-16.55.34:383][  0]LogShaderLibrary: Display: ShaderCodeLibraryPakFileMountedCallback: pending pak file info (ChunkID:-1 Root:root:/ File:C:/Program Files/Epic Games/UE_4.27/FeaturePacks/TP_Rolling.upack)
[2022.12.12-16.55.34:383][  0]LogPakFile: OnPakFileMounted2Time == 0.000048
[2022.12.12-16.55.34:391][  0]LogPakFile: PakFile PrimaryIndexSize=185
[2022.12.12-16.55.34:391][  0]LogPakFile: PakFile PathHashIndexSize=101
[2022.12.12-16.55.34:391][  0]LogPakFile: PakFile FullDirectoryIndexSize=144
[2022.12.12-16.55.34:391][  0]LogShaderLibrary: Display: ShaderCodeLibraryPakFileMountedCallback: PakFile 'C:/Program Files/Epic Games/UE_4.27/FeaturePacks/TP_RollingBP.upack' (chunk index -1, root 'root:/') mounted
[2022.12.12-16.55.34:391][  0]LogShaderLibrary: Display: ShaderCodeLibraryPakFileMountedCallback: pending pak file info (ChunkID:-1 Root:root:/ File:C:/Program Files/Epic Games/UE_4.27/FeaturePacks/TP_RollingBP.upack)
[2022.12.12-16.55.34:391][  0]LogPakFile: OnPakFileMounted2Time == 0.000047
[2022.12.12-16.55.34:400][  0]LogPakFile: PakFile PrimaryIndexSize=188
[2022.12.12-16.55.34:400][  0]LogPakFile: PakFile PathHashIndexSize=101
[2022.12.12-16.55.34:400][  0]LogPakFile: PakFile FullDirectoryIndexSize=150
[2022.12.12-16.55.34:400][  0]LogShaderLibrary: Display: ShaderCodeLibraryPakFileMountedCallback: PakFile 'C:/Program Files/Epic Games/UE_4.27/FeaturePacks/TP_SideScroller.upack' (chunk index -1, root 'root:/') mounted
[2022.12.12-16.55.34:400][  0]LogShaderLibrary: Display: ShaderCodeLibraryPakFileMountedCallback: pending pak file info (ChunkID:-1 Root:root:/ File:C:/Program Files/Epic Games/UE_4.27/FeaturePacks/TP_SideScroller.upack)
[2022.12.12-16.55.34:400][  0]LogPakFile: OnPakFileMounted2Time == 0.000048
[2022.12.12-16.55.34:408][  0]LogPakFile: PakFile PrimaryIndexSize=190
[2022.12.12-16.55.34:408][  0]LogPakFile: PakFile PathHashIndexSize=101
[2022.12.12-16.55.34:408][  0]LogPakFile: PakFile FullDirectoryIndexSize=154
[2022.12.12-16.55.34:408][  0]LogShaderLibrary: Display: ShaderCodeLibraryPakFileMountedCallback: PakFile 'C:/Program Files/Epic Games/UE_4.27/FeaturePacks/TP_SideScrollerBP.upack' (chunk index -1, root 'root:/') mounted
[2022.12.12-16.55.34:408][  0]LogShaderLibrary: Display: ShaderCodeLibraryPakFileMountedCallback: pending pak file info (ChunkID:-1 Root:root:/ File:C:/Program Files/Epic Games/UE_4.27/FeaturePacks/TP_SideScrollerBP.upack)
[2022.12.12-16.55.34:408][  0]LogPakFile: OnPakFileMounted2Time == 0.000046
[2022.12.12-16.55.34:416][  0]LogPakFile: PakFile PrimaryIndexSize=187
[2022.12.12-16.55.34:416][  0]LogPakFile: PakFile PathHashIndexSize=101
[2022.12.12-16.55.34:416][  0]LogPakFile: PakFile FullDirectoryIndexSize=148
[2022.12.12-16.55.34:416][  0]LogShaderLibrary: Display: ShaderCodeLibraryPakFileMountedCallback: PakFile 'C:/Program Files/Epic Games/UE_4.27/FeaturePacks/TP_ThirdPerson.upack' (chunk index -1, root 'root:/') mounted
[2022.12.12-16.55.34:416][  0]LogShaderLibrary: Display: ShaderCodeLibraryPakFileMountedCallback: pending pak file info (ChunkID:-1 Root:root:/ File:C:/Program Files/Epic Games/UE_4.27/FeaturePacks/TP_ThirdPerson.upack)
[2022.12.12-16.55.34:416][  0]LogPakFile: OnPakFileMounted2Time == 0.000054
[2022.12.12-16.55.34:425][  0]LogPakFile: PakFile PrimaryIndexSize=189
[2022.12.12-16.55.34:425][  0]LogPakFile: PakFile PathHashIndexSize=101
[2022.12.12-16.55.34:425][  0]LogPakFile: PakFile FullDirectoryIndexSize=152
[2022.12.12-16.55.34:425][  0]LogShaderLibrary: Display: ShaderCodeLibraryPakFileMountedCallback: PakFile 'C:/Program Files/Epic Games/UE_4.27/FeaturePacks/TP_ThirdPersonBP.upack' (chunk index -1, root 'root:/') mounted
[2022.12.12-16.55.34:425][  0]LogShaderLibrary: Display: ShaderCodeLibraryPakFileMountedCallback: pending pak file info (ChunkID:-1 Root:root:/ File:C:/Program Files/Epic Games/UE_4.27/FeaturePacks/TP_ThirdPersonBP.upack)
[2022.12.12-16.55.34:425][  0]LogPakFile: OnPakFileMounted2Time == 0.000045
[2022.12.12-16.55.34:433][  0]LogPakFile: PakFile PrimaryIndexSize=183
[2022.12.12-16.55.34:433][  0]LogPakFile: PakFile PathHashIndexSize=101
[2022.12.12-16.55.34:433][  0]LogPakFile: PakFile FullDirectoryIndexSize=140
[2022.12.12-16.55.34:433][  0]LogShaderLibrary: Display: ShaderCodeLibraryPakFileMountedCallback: PakFile 'C:/Program Files/Epic Games/UE_4.27/FeaturePacks/TP_TopDown.upack' (chunk index -1, root 'root:/') mounted
[2022.12.12-16.55.34:433][  0]LogShaderLibrary: Display: ShaderCodeLibraryPakFileMountedCallback: pending pak file info (ChunkID:-1 Root:root:/ File:C:/Program Files/Epic Games/UE_4.27/FeaturePacks/TP_TopDown.upack)
[2022.12.12-16.55.34:433][  0]LogPakFile: OnPakFileMounted2Time == 0.000055
[2022.12.12-16.55.34:442][  0]LogPakFile: PakFile PrimaryIndexSize=185
[2022.12.12-16.55.34:442][  0]LogPakFile: PakFile PathHashIndexSize=101
[2022.12.12-16.55.34:442][  0]LogPakFile: PakFile FullDirectoryIndexSize=144
[2022.12.12-16.55.34:442][  0]LogShaderLibrary: Display: ShaderCodeLibraryPakFileMountedCallback: PakFile 'C:/Program Files/Epic Games/UE_4.27/FeaturePacks/TP_TopDownBP.upack' (chunk index -1, root 'root:/') mounted
[2022.12.12-16.55.34:442][  0]LogShaderLibrary: Display: ShaderCodeLibraryPakFileMountedCallback: pending pak file info (ChunkID:-1 Root:root:/ File:C:/Program Files/Epic Games/UE_4.27/FeaturePacks/TP_TopDownBP.upack)
[2022.12.12-16.55.34:442][  0]LogPakFile: OnPakFileMounted2Time == 0.000044
[2022.12.12-16.55.34:454][  0]LogPakFile: PakFile PrimaryIndexSize=185
[2022.12.12-16.55.34:454][  0]LogPakFile: PakFile PathHashIndexSize=101
[2022.12.12-16.55.34:454][  0]LogPakFile: PakFile FullDirectoryIndexSize=144
[2022.12.12-16.55.34:454][  0]LogShaderLibrary: Display: ShaderCodeLibraryPakFileMountedCallback: PakFile 'C:/Program Files/Epic Games/UE_4.27/FeaturePacks/TP_TwinStick.upack' (chunk index -1, root 'root:/') mounted
[2022.12.12-16.55.34:454][  0]LogShaderLibrary: Display: ShaderCodeLibraryPakFileMountedCallback: pending pak file info (ChunkID:-1 Root:root:/ File:C:/Program Files/Epic Games/UE_4.27/FeaturePacks/TP_TwinStick.upack)
[2022.12.12-16.55.34:454][  0]LogPakFile: OnPakFileMounted2Time == 0.000044
[2022.12.12-16.55.34:463][  0]LogPakFile: PakFile PrimaryIndexSize=187
[2022.12.12-16.55.34:463][  0]LogPakFile: PakFile PathHashIndexSize=101
[2022.12.12-16.55.34:463][  0]LogPakFile: PakFile FullDirectoryIndexSize=148
[2022.12.12-16.55.34:463][  0]LogShaderLibrary: Display: ShaderCodeLibraryPakFileMountedCallback: PakFile 'C:/Program Files/Epic Games/UE_4.27/FeaturePacks/TP_TwinStickBP.upack' (chunk index -1, root 'root:/') mounted
[2022.12.12-16.55.34:463][  0]LogShaderLibrary: Display: ShaderCodeLibraryPakFileMountedCallback: pending pak file info (ChunkID:-1 Root:root:/ File:C:/Program Files/Epic Games/UE_4.27/FeaturePacks/TP_TwinStickBP.upack)
[2022.12.12-16.55.34:463][  0]LogPakFile: OnPakFileMounted2Time == 0.000045
[2022.12.12-16.55.34:471][  0]LogPakFile: PakFile PrimaryIndexSize=183
[2022.12.12-16.55.34:471][  0]LogPakFile: PakFile PathHashIndexSize=101
[2022.12.12-16.55.34:471][  0]LogPakFile: PakFile FullDirectoryIndexSize=140
[2022.12.12-16.55.34:471][  0]LogShaderLibrary: Display: ShaderCodeLibraryPakFileMountedCallback: PakFile 'C:/Program Files/Epic Games/UE_4.27/FeaturePacks/TP_Vehicle.upack' (chunk index -1, root 'root:/') mounted
[2022.12.12-16.55.34:471][  0]LogShaderLibrary: Display: ShaderCodeLibraryPakFileMountedCallback: pending pak file info (ChunkID:-1 Root:root:/ File:C:/Program Files/Epic Games/UE_4.27/FeaturePacks/TP_Vehicle.upack)
[2022.12.12-16.55.34:471][  0]LogPakFile: OnPakFileMounted2Time == 0.000045
[2022.12.12-16.55.34:480][  0]LogPakFile: PakFile PrimaryIndexSize=186
[2022.12.12-16.55.34:480][  0]LogPakFile: PakFile PathHashIndexSize=101
[2022.12.12-16.55.34:480][  0]LogPakFile: PakFile FullDirectoryIndexSize=146
[2022.12.12-16.55.34:480][  0]LogShaderLibrary: Display: ShaderCodeLibraryPakFileMountedCallback: PakFile 'C:/Program Files/Epic Games/UE_4.27/FeaturePacks/TP_VehicleAdv.upack' (chunk index -1, root 'root:/') mounted
[2022.12.12-16.55.34:480][  0]LogShaderLibrary: Display: ShaderCodeLibraryPakFileMountedCallback: pending pak file info (ChunkID:-1 Root:root:/ File:C:/Program Files/Epic Games/UE_4.27/FeaturePacks/TP_VehicleAdv.upack)
[2022.12.12-16.55.34:480][  0]LogPakFile: OnPakFileMounted2Time == 0.000046
[2022.12.12-16.55.34:490][  0]LogPakFile: PakFile PrimaryIndexSize=188
[2022.12.12-16.55.34:490][  0]LogPakFile: PakFile PathHashIndexSize=101
[2022.12.12-16.55.34:490][  0]LogPakFile: PakFile FullDirectoryIndexSize=150
[2022.12.12-16.55.34:490][  0]LogShaderLibrary: Display: ShaderCodeLibraryPakFileMountedCallback: PakFile 'C:/Program Files/Epic Games/UE_4.27/FeaturePacks/TP_VehicleAdvBP.upack' (chunk index -1, root 'root:/') mounted
[2022.12.12-16.55.34:490][  0]LogShaderLibrary: Display: ShaderCodeLibraryPakFileMountedCallback: pending pak file info (ChunkID:-1 Root:root:/ File:C:/Program Files/Epic Games/UE_4.27/FeaturePacks/TP_VehicleAdvBP.upack)
[2022.12.12-16.55.34:490][  0]LogPakFile: OnPakFileMounted2Time == 0.000046
[2022.12.12-16.55.34:499][  0]LogPakFile: PakFile PrimaryIndexSize=185
[2022.12.12-16.55.34:499][  0]LogPakFile: PakFile PathHashIndexSize=101
[2022.12.12-16.55.34:499][  0]LogPakFile: PakFile FullDirectoryIndexSize=144
[2022.12.12-16.55.34:499][  0]LogShaderLibrary: Display: ShaderCodeLibraryPakFileMountedCallback: PakFile 'C:/Program Files/Epic Games/UE_4.27/FeaturePacks/TP_VehicleBP.upack' (chunk index -1, root 'root:/') mounted
[2022.12.12-16.55.34:499][  0]LogShaderLibrary: Display: ShaderCodeLibraryPakFileMountedCallback: pending pak file info (ChunkID:-1 Root:root:/ File:C:/Program Files/Epic Games/UE_4.27/FeaturePacks/TP_VehicleBP.upack)
[2022.12.12-16.55.34:499][  0]LogPakFile: OnPakFileMounted2Time == 0.000051
[2022.12.12-16.55.34:508][  0]LogPakFile: PakFile PrimaryIndexSize=192
[2022.12.12-16.55.34:508][  0]LogPakFile: PakFile PathHashIndexSize=101
[2022.12.12-16.55.34:508][  0]LogPakFile: PakFile FullDirectoryIndexSize=158
[2022.12.12-16.55.34:508][  0]LogShaderLibrary: Display: ShaderCodeLibraryPakFileMountedCallback: PakFile 'C:/Program Files/Epic Games/UE_4.27/FeaturePacks/TP_VirtualRealityBP.upack' (chunk index -1, root 'root:/') mounted
[2022.12.12-16.55.34:508][  0]LogShaderLibrary: Display: ShaderCodeLibraryPakFileMountedCallback: pending pak file info (ChunkID:-1 Root:root:/ File:C:/Program Files/Epic Games/UE_4.27/FeaturePacks/TP_VirtualRealityBP.upack)
[2022.12.12-16.55.34:508][  0]LogPakFile: OnPakFileMounted2Time == 0.000045
[2022.12.12-16.55.34:872][  0]LogNativeClassHierarchy: Verbose: Native class hierarchy updated for 'AddContentDialog' in 0.0004 seconds. Added 0 classes and 0 folders.
[2022.12.12-16.55.34:880][  0]LogNativeClassHierarchy: Verbose: Native class hierarchy updated for 'SceneOutliner' in 0.0004 seconds. Added 2 classes and 0 folders.
[2022.12.12-16.55.35:014][  0]LogSlate: Took 0.009538 seconds to synchronously load lazily loaded font '../../../Engine/Content/Editor/Slate/Fonts/FontAwesome.ttf' (139K)
[2022.12.12-16.55.35:023][  0]LogSlate: Took 0.007769 seconds to synchronously load lazily loaded font '../../../Engine/Content/Slate/Fonts/Roboto-Bold.ttf' (160K)
[2022.12.12-16.55.35:208][  0]LogRenderer: Reallocating scene render targets to support 1208x572 Format 10 NumSamples 1 (Frame:1).
[2022.12.12-16.55.35:368][  0]LogNativeClassHierarchy: Verbose: Native class hierarchy updated for 'HierarchicalLODOutliner' in 0.0003 seconds. Added 0 classes and 0 folders.
[2022.12.12-16.55.35:368][  0]LogLoad: (Engine Initialization) Total time: 41.69 seconds
[2022.12.12-16.55.35:368][  0]LogLoad: (Engine Initialization) Total Blueprint compile time: 0.00 seconds
[2022.12.12-16.55.35:432][  0]LogAssetRegistry: Asset discovery search completed in 21.7512 seconds
[2022.12.12-16.55.35:478][  0]LogCollectionManager: Fixed up redirectors for 0 collections in 0.000005 seconds (updated 0 objects)
[2022.12.12-16.55.35:492][  0]LogContentStreaming: Texture pool size now 1000 MB
[2022.12.12-16.55.35:874][  2]LogSlate: Took 0.010794 seconds to synchronously load lazily loaded font '../../../Engine/Content/Slate/Fonts/Roboto-Light.ttf' (167K)
[2022.12.12-17.00.12:106][506]LogSlate: Took 0.000348 seconds to synchronously load lazily loaded font '../../../Engine/Content/Slate/Fonts/Roboto-Light.ttf' (167K)
[2022.12.12-17.00.12:246][506]LogSlate: Took 0.010648 seconds to synchronously load lazily loaded font '../../../Engine/Content/Slate/Fonts/Roboto-BoldCondensed.ttf' (158K)
[2022.12.12-17.01.02:111][180]LogSlate: Window 'Extract sprites' being destroyed
[2022.12.12-17.01.20:027][295]LogEditorViewport: Clicking on Actor (LMB): PaperSpriteActor (Background_Sprite)
